
*** Running vivado
    with args -log WritebackStage.vdi -applog -m64 -product Vivado -messageDb vivado.pb -mode batch -source WritebackStage.tcl -notrace


****** Vivado v2019.1 (64-bit)
  **** SW Build 2552052 on Fri May 24 14:49:42 MDT 2019
  **** IP Build 2548770 on Fri May 24 18:01:18 MDT 2019
    ** Copyright 1986-2019 Xilinx, Inc. All Rights Reserved.

source WritebackStage.tcl -notrace
Command: link_design -top WritebackStage -part xc7a35tcpg236-1 -mode out_of_context
Design is defaulting to srcset: sources_1
Design is defaulting to constrset: constrs_1
INFO: [Device 21-403] Loading part xc7a35tcpg236-1
INFO: [Project 1-479] Netlist was created with Vivado 2019.1
INFO: [Project 1-570] Preparing netlist for logic optimization
Netlist sorting complete. Time (s): cpu = 00:00:00 ; elapsed = 00:00:00 . Memory (MB): peak = 636.301 ; gain = 0.000
INFO: [Project 1-111] Unisim Transformation Summary:
No Unisim elements were transformed.

4 Infos, 0 Warnings, 0 Critical Warnings and 0 Errors encountered.
link_design completed successfully
link_design: Time (s): cpu = 00:00:05 ; elapsed = 00:00:06 . Memory (MB): peak = 665.129 ; gain = 364.594
Command: opt_design
Attempting to get a license for feature 'Implementation' and/or device 'xc7a35t'
INFO: [Common 17-349] Got license for feature 'Implementation' and/or device 'xc7a35t'
Running DRC as a precondition to command opt_design

Starting DRC Task
INFO: [DRC 23-27] Running DRC with 2 threads
INFO: [Project 1-461] DRC finished with 0 Errors
INFO: [Project 1-462] Please refer to the DRC report (report_drc) for more information.

Time (s): cpu = 00:00:00 ; elapsed = 00:00:00.774 . Memory (MB): peak = 686.238 ; gain = 21.109

Starting Cache Timing Information Task
INFO: [Timing 38-35] Done setting XDC timing constraints.
Ending Cache Timing Information Task | Checksum: 312558e8

Time (s): cpu = 00:00:08 ; elapsed = 00:00:08 . Memory (MB): peak = 1208.535 ; gain = 522.297

Starting Logic Optimization Task

Phase 1 Retarget
INFO: [Opt 31-138] Pushed 0 inverter(s) to 0 load pin(s).
INFO: [Opt 31-49] Retargeted 0 cell(s).
Phase 1 Retarget | Checksum: 312558e8

Time (s): cpu = 00:00:00 ; elapsed = 00:00:00.267 . Memory (MB): peak = 1350.668 ; gain = 0.000
INFO: [Opt 31-389] Phase Retarget created 0 cells and removed 0 cells

Phase 2 Constant propagation
INFO: [Opt 31-138] Pushed 0 inverter(s) to 0 load pin(s).
Phase 2 Constant propagation | Checksum: 312558e8

Time (s): cpu = 00:00:00 ; elapsed = 00:00:00.283 . Memory (MB): peak = 1350.668 ; gain = 0.000
INFO: [Opt 31-389] Phase Constant propagation created 0 cells and removed 0 cells

Phase 3 Sweep
Phase 3 Sweep | Checksum: 312558e8

Time (s): cpu = 00:00:00 ; elapsed = 00:00:00.340 . Memory (MB): peak = 1350.668 ; gain = 0.000
INFO: [Opt 31-389] Phase Sweep created 0 cells and removed 0 cells

Phase 4 BUFG optimization
Phase 4 BUFG optimization | Checksum: 312558e8

Time (s): cpu = 00:00:00 ; elapsed = 00:00:00.345 . Memory (MB): peak = 1350.668 ; gain = 0.000
INFO: [Opt 31-662] Phase BUFG optimization created 0 cells of which 0 are BUFGs and removed 0 cells.

Phase 5 Shift Register Optimization
INFO: [Opt 31-1064] SRL Remap converted 0 SRLs to 0 registers and converted 0 registers of register chains to 0 SRLs
Phase 5 Shift Register Optimization | Checksum: 312558e8

Time (s): cpu = 00:00:00 ; elapsed = 00:00:00.367 . Memory (MB): peak = 1350.668 ; gain = 0.000
INFO: [Opt 31-389] Phase Shift Register Optimization created 0 cells and removed 0 cells

Phase 6 Post Processing Netlist
Phase 6 Post Processing Netlist | Checksum: 312558e8

Time (s): cpu = 00:00:00 ; elapsed = 00:00:00.371 . Memory (MB): peak = 1350.668 ; gain = 0.000
INFO: [Opt 31-389] Phase Post Processing Netlist created 0 cells and removed 0 cells
Opt_design Change Summary
=========================


-------------------------------------------------------------------------------------------------------------------------
|  Phase                        |  #Cells created  |  #Cells Removed  |  #Constrained objects preventing optimizations  |
-------------------------------------------------------------------------------------------------------------------------
|  Retarget                     |               0  |               0  |                                              0  |
|  Constant propagation         |               0  |               0  |                                              0  |
|  Sweep                        |               0  |               0  |                                              0  |
|  BUFG optimization            |               0  |               0  |                                              0  |
|  Shift Register Optimization  |               0  |               0  |                                              0  |
|  Post Processing Netlist      |               0  |               0  |                                              0  |
-------------------------------------------------------------------------------------------------------------------------



Starting Connectivity Check Task

Time (s): cpu = 00:00:00 ; elapsed = 00:00:00.010 . Memory (MB): peak = 1350.668 ; gain = 0.000
Ending Logic Optimization Task | Checksum: 312558e8

Time (s): cpu = 00:00:00 ; elapsed = 00:00:00.395 . Memory (MB): peak = 1350.668 ; gain = 0.000

Starting Power Optimization Task
INFO: [Pwropt 34-132] Skipping clock gating for clocks with a period < 2.00 ns.
Ending Power Optimization Task | Checksum: 312558e8

Time (s): cpu = 00:00:00 ; elapsed = 00:00:00.089 . Memory (MB): peak = 1350.668 ; gain = 0.000

Starting Final Cleanup Task
Ending Final Cleanup Task | Checksum: 312558e8

Time (s): cpu = 00:00:00 ; elapsed = 00:00:00 . Memory (MB): peak = 1350.668 ; gain = 0.000

Starting Netlist Obfuscation Task
Netlist sorting complete. Time (s): cpu = 00:00:00 ; elapsed = 00:00:00 . Memory (MB): peak = 1350.668 ; gain = 0.000
Ending Netlist Obfuscation Task | Checksum: 312558e8

Time (s): cpu = 00:00:00 ; elapsed = 00:00:00.001 . Memory (MB): peak = 1350.668 ; gain = 0.000
INFO: [Common 17-83] Releasing license: Implementation
21 Infos, 0 Warnings, 0 Critical Warnings and 0 Errors encountered.
opt_design completed successfully
opt_design: Time (s): cpu = 00:00:09 ; elapsed = 00:00:11 . Memory (MB): peak = 1350.668 ; gain = 685.539
Netlist sorting complete. Time (s): cpu = 00:00:00 ; elapsed = 00:00:00 . Memory (MB): peak = 1350.668 ; gain = 0.000
WARNING: [Constraints 18-5210] No constraints selected for write.
Resolution: This message can indicate that there are no constraints for the design, or it can indicate that the used_in flags are set such that the constraints are ignored. This later case is used when running synth_design to not write synthesis constraints to the resulting checkpoint. Instead, project constraints are read when the synthesized design is opened.
INFO: [Timing 38-35] Done setting XDC timing constraints.
INFO: [Common 17-1381] The checkpoint 'C:/Users/Emilio/OneDrive/Documents/DSDII/Lab05/lab05/lab05.runs/impl_2/WritebackStage_opt.dcp' has been generated.
INFO: [runtcl-4] Executing : report_drc -file WritebackStage_drc_opted.rpt -pb WritebackStage_drc_opted.pb -rpx WritebackStage_drc_opted.rpx
Command: report_drc -file WritebackStage_drc_opted.rpt -pb WritebackStage_drc_opted.pb -rpx WritebackStage_drc_opted.rpx
INFO: [IP_Flow 19-234] Refreshing IP repositories
INFO: [IP_Flow 19-1704] No user IP repositories specified
INFO: [IP_Flow 19-2313] Loaded Vivado IP repository 'D:/docs/Vivado/2019.1/data/ip'.
INFO: [DRC 23-27] Running DRC with 2 threads
INFO: [Coretcl 2-168] The results of DRC are in file C:/Users/Emilio/OneDrive/Documents/DSDII/Lab05/lab05/lab05.runs/impl_2/WritebackStage_drc_opted.rpt.
report_drc completed successfully
Command: place_design
Attempting to get a license for feature 'Implementation' and/or device 'xc7a35t'
INFO: [Common 17-349] Got license for feature 'Implementation' and/or device 'xc7a35t'
INFO: [DRC 23-27] Running DRC with 2 threads
INFO: [Vivado_Tcl 4-198] DRC finished with 0 Errors
INFO: [Vivado_Tcl 4-199] Please refer to the DRC report (report_drc) for more information.
Running DRC as a precondition to command place_design
INFO: [DRC 23-27] Running DRC with 2 threads
INFO: [Vivado_Tcl 4-198] DRC finished with 0 Errors
INFO: [Vivado_Tcl 4-199] Please refer to the DRC report (report_drc) for more information.

Starting Placer Task
INFO: [Place 30-611] Multithreading enabled for place_design using a maximum of 2 CPUs

Phase 1 Placer Initialization

Phase 1.1 Placer Initialization Netlist Sorting
Netlist sorting complete. Time (s): cpu = 00:00:00 ; elapsed = 00:00:00 . Memory (MB): peak = 1357.328 ; gain = 0.000
Phase 1.1 Placer Initialization Netlist Sorting | Checksum: 00000000

Time (s): cpu = 00:00:00 ; elapsed = 00:00:00.092 . Memory (MB): peak = 1357.328 ; gain = 0.000
Netlist sorting complete. Time (s): cpu = 00:00:00 ; elapsed = 00:00:00 . Memory (MB): peak = 1357.328 ; gain = 0.000

Phase 1.2 IO Placement/ Clock Placement/ Build Placer Device
Phase 1.2 IO Placement/ Clock Placement/ Build Placer Device | Checksum: 00000000

Time (s): cpu = 00:00:01 ; elapsed = 00:00:01 . Memory (MB): peak = 1357.328 ; gain = 0.000

Phase 1.3 Build Placer Netlist Model
Phase 1.3 Build Placer Netlist Model | Checksum: 750813a6

Time (s): cpu = 00:00:01 ; elapsed = 00:00:01 . Memory (MB): peak = 1357.328 ; gain = 0.000

Phase 1.4 Constrain Clocks/Macros
Phase 1.4 Constrain Clocks/Macros | Checksum: 750813a6

Time (s): cpu = 00:00:01 ; elapsed = 00:00:01 . Memory (MB): peak = 1357.328 ; gain = 0.000
Phase 1 Placer Initialization | Checksum: 750813a6

Time (s): cpu = 00:00:01 ; elapsed = 00:00:01 . Memory (MB): peak = 1357.328 ; gain = 0.000

Phase 2 Global Placement

Phase 2.1 Floorplanning
Phase 2.1 Floorplanning | Checksum: 750813a6

Time (s): cpu = 00:00:01 ; elapsed = 00:00:01 . Memory (MB): peak = 1357.328 ; gain = 0.000

Phase 2.2 Global Placement Core
WARNING: [Place 46-29] place_design is not in timing mode. Skip physical synthesis in placer
Phase 2.2 Global Placement Core | Checksum: 497c7eb6

Time (s): cpu = 00:00:02 ; elapsed = 00:00:03 . Memory (MB): peak = 1357.328 ; gain = 0.000
Phase 2 Global Placement | Checksum: 497c7eb6

Time (s): cpu = 00:00:02 ; elapsed = 00:00:03 . Memory (MB): peak = 1357.328 ; gain = 0.000

Phase 3 Detail Placement

Phase 3.1 Commit Multi Column Macros
Phase 3.1 Commit Multi Column Macros | Checksum: 497c7eb6

Time (s): cpu = 00:00:02 ; elapsed = 00:00:03 . Memory (MB): peak = 1357.328 ; gain = 0.000

Phase 3.2 Commit Most Macros & LUTRAMs
Phase 3.2 Commit Most Macros & LUTRAMs | Checksum: 94f953a1

Time (s): cpu = 00:00:02 ; elapsed = 00:00:03 . Memory (MB): peak = 1357.328 ; gain = 0.000

Phase 3.3 Area Swap Optimization
Phase 3.3 Area Swap Optimization | Checksum: 5da35abf

Time (s): cpu = 00:00:02 ; elapsed = 00:00:03 . Memory (MB): peak = 1357.328 ; gain = 0.000

Phase 3.4 Pipeline Register Optimization
Phase 3.4 Pipeline Register Optimization | Checksum: 5da35abf

Time (s): cpu = 00:00:02 ; elapsed = 00:00:03 . Memory (MB): peak = 1357.328 ; gain = 0.000

Phase 3.5 Small Shape Detail Placement
Phase 3.5 Small Shape Detail Placement | Checksum: 1ac951085

Time (s): cpu = 00:00:02 ; elapsed = 00:00:03 . Memory (MB): peak = 1357.328 ; gain = 0.000

Phase 3.6 Re-assign LUT pins
Phase 3.6 Re-assign LUT pins | Checksum: 1ac951085

Time (s): cpu = 00:00:02 ; elapsed = 00:00:03 . Memory (MB): peak = 1357.328 ; gain = 0.000

Phase 3.7 Pipeline Register Optimization
Phase 3.7 Pipeline Register Optimization | Checksum: 1ac951085

Time (s): cpu = 00:00:02 ; elapsed = 00:00:03 . Memory (MB): peak = 1357.328 ; gain = 0.000
Phase 3 Detail Placement | Checksum: 1ac951085

Time (s): cpu = 00:00:02 ; elapsed = 00:00:03 . Memory (MB): peak = 1357.328 ; gain = 0.000

Phase 4 Post Placement Optimization and Clean-Up

Phase 4.1 Post Commit Optimization
Phase 4.1 Post Commit Optimization | Checksum: 1ac951085

Time (s): cpu = 00:00:02 ; elapsed = 00:00:03 . Memory (MB): peak = 1357.328 ; gain = 0.000

Phase 4.2 Post Placement Cleanup
Phase 4.2 Post Placement Cleanup | Checksum: 1ac951085

Time (s): cpu = 00:00:02 ; elapsed = 00:00:03 . Memory (MB): peak = 1357.328 ; gain = 0.000

Phase 4.3 Placer Reporting
Phase 4.3 Placer Reporting | Checksum: 1ac951085

Time (s): cpu = 00:00:02 ; elapsed = 00:00:03 . Memory (MB): peak = 1357.328 ; gain = 0.000

Phase 4.4 Final Placement Cleanup
Netlist sorting complete. Time (s): cpu = 00:00:00 ; elapsed = 00:00:00 . Memory (MB): peak = 1357.328 ; gain = 0.000
Phase 4.4 Final Placement Cleanup | Checksum: 1ac951085

Time (s): cpu = 00:00:02 ; elapsed = 00:00:03 . Memory (MB): peak = 1357.328 ; gain = 0.000
Phase 4 Post Placement Optimization and Clean-Up | Checksum: 1ac951085

Time (s): cpu = 00:00:02 ; elapsed = 00:00:03 . Memory (MB): peak = 1357.328 ; gain = 0.000
Ending Placer Task | Checksum: f0c2fa1e

Time (s): cpu = 00:00:02 ; elapsed = 00:00:03 . Memory (MB): peak = 1357.328 ; gain = 0.000
INFO: [Common 17-83] Releasing license: Implementation
38 Infos, 2 Warnings, 0 Critical Warnings and 0 Errors encountered.
place_design completed successfully
Netlist sorting complete. Time (s): cpu = 00:00:00 ; elapsed = 00:00:00 . Memory (MB): peak = 1357.328 ; gain = 0.000
WARNING: [Constraints 18-5210] No constraints selected for write.
Resolution: This message can indicate that there are no constraints for the design, or it can indicate that the used_in flags are set such that the constraints are ignored. This later case is used when running synth_design to not write synthesis constraints to the resulting checkpoint. Instead, project constraints are read when the synthesized design is opened.
Writing placer database...
Writing XDEF routing.
Writing XDEF routing logical nets.
Writing XDEF routing special nets.
Write XDEF Complete: Time (s): cpu = 00:00:00 ; elapsed = 00:00:00.158 . Memory (MB): peak = 1361.473 ; gain = 4.145
INFO: [Common 17-1381] The checkpoint 'C:/Users/Emilio/OneDrive/Documents/DSDII/Lab05/lab05/lab05.runs/impl_2/WritebackStage_placed.dcp' has been generated.
INFO: [runtcl-4] Executing : report_io -file WritebackStage_io_placed.rpt
report_io: Time (s): cpu = 00:00:00 ; elapsed = 00:00:00.051 . Memory (MB): peak = 1361.473 ; gain = 0.000
INFO: [runtcl-4] Executing : report_utilization -file WritebackStage_utilization_placed.rpt -pb WritebackStage_utilization_placed.pb
INFO: [runtcl-4] Executing : report_control_sets -verbose -file WritebackStage_control_sets_placed.rpt
report_control_sets: Time (s): cpu = 00:00:00 ; elapsed = 00:00:00.001 . Memory (MB): peak = 1361.473 ; gain = 0.000
Command: route_design
Attempting to get a license for feature 'Implementation' and/or device 'xc7a35t'
INFO: [Common 17-349] Got license for feature 'Implementation' and/or device 'xc7a35t'
Running DRC as a precondition to command route_design
INFO: [DRC 23-27] Running DRC with 2 threads
INFO: [Vivado_Tcl 4-198] DRC finished with 0 Errors
INFO: [Vivado_Tcl 4-199] Please refer to the DRC report (report_drc) for more information.


Starting Routing Task
INFO: [Route 35-254] Multithreading enabled for route_design using a maximum of 2 CPUs
Checksum: PlaceDB: f0c2fa1e ConstDB: 0 ShapeSum: 0 RouteDB: 0

Phase 1 Build RT Design
WARNING: [Route 35-198] Port "ReadData[29]" does not have an associated HD.PARTPIN_LOCS, which will prevent the partial routing of the signal "ReadData[29]". Without this partial route, timing analysis to/from this port will not be accurate, and no routing information for this port can be exported.
WARNING: [Route 35-198] Port "ALUResult[29]" does not have an associated HD.PARTPIN_LOCS, which will prevent the partial routing of the signal "ALUResult[29]". Without this partial route, timing analysis to/from this port will not be accurate, and no routing information for this port can be exported.
WARNING: [Route 35-198] Port "MemtoReg" does not have an associated HD.PARTPIN_LOCS, which will prevent the partial routing of the signal "MemtoReg". Without this partial route, timing analysis to/from this port will not be accurate, and no routing information for this port can be exported.
WARNING: [Route 35-198] Port "ReadData[10]" does not have an associated HD.PARTPIN_LOCS, which will prevent the partial routing of the signal "ReadData[10]". Without this partial route, timing analysis to/from this port will not be accurate, and no routing information for this port can be exported.
WARNING: [Route 35-198] Port "ALUResult[10]" does not have an associated HD.PARTPIN_LOCS, which will prevent the partial routing of the signal "ALUResult[10]". Without this partial route, timing analysis to/from this port will not be accurate, and no routing information for this port can be exported.
WARNING: [Route 35-198] Port "ReadData[11]" does not have an associated HD.PARTPIN_LOCS, which will prevent the partial routing of the signal "ReadData[11]". Without this partial route, timing analysis to/from this port will not be accurate, and no routing information for this port can be exported.
WARNING: [Route 35-198] Port "ALUResult[11]" does not have an associated HD.PARTPIN_LOCS, which will prevent the partial routing of the signal "ALUResult[11]". Without this partial route, timing analysis to/from this port will not be accurate, and no routing information for this port can be exported.
WARNING: [Route 35-198] Port "ReadData[12]" does not have an associated HD.PARTPIN_LOCS, which will prevent the partial routing of the signal "ReadData[12]". Without this partial route, timing analysis to/from this port will not be accurate, and no routing information for this port can be exported.
WARNING: [Route 35-198] Port "ALUResult[12]" does not have an associated HD.PARTPIN_LOCS, which will prevent the partial routing of the signal "ALUResult[12]". Without this partial route, timing analysis to/from this port will not be accurate, and no routing information for this port can be exported.
WARNING: [Route 35-198] Port "ReadData[0]" does not have an associated HD.PARTPIN_LOCS, which will prevent the partial routing of the signal "ReadData[0]". Without this partial route, timing analysis to/from this port will not be accurate, and no routing information for this port can be exported.
WARNING: [Route 35-198] Port "ALUResult[0]" does not have an associated HD.PARTPIN_LOCS, which will prevent the partial routing of the signal "ALUResult[0]". Without this partial route, timing analysis to/from this port will not be accurate, and no routing information for this port can be exported.
WARNING: [Route 35-198] Port "ReadData[13]" does not have an associated HD.PARTPIN_LOCS, which will prevent the partial routing of the signal "ReadData[13]". Without this partial route, timing analysis to/from this port will not be accurate, and no routing information for this port can be exported.
WARNING: [Route 35-198] Port "ALUResult[13]" does not have an associated HD.PARTPIN_LOCS, which will prevent the partial routing of the signal "ALUResult[13]". Without this partial route, timing analysis to/from this port will not be accurate, and no routing information for this port can be exported.
WARNING: [Route 35-198] Port "ReadData[15]" does not have an associated HD.PARTPIN_LOCS, which will prevent the partial routing of the signal "ReadData[15]". Without this partial route, timing analysis to/from this port will not be accurate, and no routing information for this port can be exported.
WARNING: [Route 35-198] Port "ALUResult[15]" does not have an associated HD.PARTPIN_LOCS, which will prevent the partial routing of the signal "ALUResult[15]". Without this partial route, timing analysis to/from this port will not be accurate, and no routing information for this port can be exported.
WARNING: [Route 35-198] Port "ReadData[1]" does not have an associated HD.PARTPIN_LOCS, which will prevent the partial routing of the signal "ReadData[1]". Without this partial route, timing analysis to/from this port will not be accurate, and no routing information for this port can be exported.
WARNING: [Route 35-198] Port "ALUResult[1]" does not have an associated HD.PARTPIN_LOCS, which will prevent the partial routing of the signal "ALUResult[1]". Without this partial route, timing analysis to/from this port will not be accurate, and no routing information for this port can be exported.
WARNING: [Route 35-198] Port "ReadData[17]" does not have an associated HD.PARTPIN_LOCS, which will prevent the partial routing of the signal "ReadData[17]". Without this partial route, timing analysis to/from this port will not be accurate, and no routing information for this port can be exported.
WARNING: [Route 35-198] Port "ALUResult[17]" does not have an associated HD.PARTPIN_LOCS, which will prevent the partial routing of the signal "ALUResult[17]". Without this partial route, timing analysis to/from this port will not be accurate, and no routing information for this port can be exported.
WARNING: [Route 35-198] Port "ReadData[18]" does not have an associated HD.PARTPIN_LOCS, which will prevent the partial routing of the signal "ReadData[18]". Without this partial route, timing analysis to/from this port will not be accurate, and no routing information for this port can be exported.
WARNING: [Route 35-198] Port "ALUResult[18]" does not have an associated HD.PARTPIN_LOCS, which will prevent the partial routing of the signal "ALUResult[18]". Without this partial route, timing analysis to/from this port will not be accurate, and no routing information for this port can be exported.
WARNING: [Route 35-198] Port "ReadData[19]" does not have an associated HD.PARTPIN_LOCS, which will prevent the partial routing of the signal "ReadData[19]". Without this partial route, timing analysis to/from this port will not be accurate, and no routing information for this port can be exported.
WARNING: [Route 35-198] Port "ALUResult[19]" does not have an associated HD.PARTPIN_LOCS, which will prevent the partial routing of the signal "ALUResult[19]". Without this partial route, timing analysis to/from this port will not be accurate, and no routing information for this port can be exported.
WARNING: [Route 35-198] Port "ReadData[25]" does not have an associated HD.PARTPIN_LOCS, which will prevent the partial routing of the signal "ReadData[25]". Without this partial route, timing analysis to/from this port will not be accurate, and no routing information for this port can be exported.
WARNING: [Route 35-198] Port "ALUResult[25]" does not have an associated HD.PARTPIN_LOCS, which will prevent the partial routing of the signal "ALUResult[25]". Without this partial route, timing analysis to/from this port will not be accurate, and no routing information for this port can be exported.
WARNING: [Route 35-198] Port "ReadData[16]" does not have an associated HD.PARTPIN_LOCS, which will prevent the partial routing of the signal "ReadData[16]". Without this partial route, timing analysis to/from this port will not be accurate, and no routing information for this port can be exported.
WARNING: [Route 35-198] Port "ALUResult[16]" does not have an associated HD.PARTPIN_LOCS, which will prevent the partial routing of the signal "ALUResult[16]". Without this partial route, timing analysis to/from this port will not be accurate, and no routing information for this port can be exported.
WARNING: [Route 35-198] Port "ReadData[3]" does not have an associated HD.PARTPIN_LOCS, which will prevent the partial routing of the signal "ReadData[3]". Without this partial route, timing analysis to/from this port will not be accurate, and no routing information for this port can be exported.
WARNING: [Route 35-198] Port "ALUResult[3]" does not have an associated HD.PARTPIN_LOCS, which will prevent the partial routing of the signal "ALUResult[3]". Without this partial route, timing analysis to/from this port will not be accurate, and no routing information for this port can be exported.
WARNING: [Route 35-198] Port "ReadData[4]" does not have an associated HD.PARTPIN_LOCS, which will prevent the partial routing of the signal "ReadData[4]". Without this partial route, timing analysis to/from this port will not be accurate, and no routing information for this port can be exported.
WARNING: [Route 35-198] Port "ALUResult[4]" does not have an associated HD.PARTPIN_LOCS, which will prevent the partial routing of the signal "ALUResult[4]". Without this partial route, timing analysis to/from this port will not be accurate, and no routing information for this port can be exported.
WARNING: [Route 35-198] Port "ReadData[5]" does not have an associated HD.PARTPIN_LOCS, which will prevent the partial routing of the signal "ReadData[5]". Without this partial route, timing analysis to/from this port will not be accurate, and no routing information for this port can be exported.
WARNING: [Route 35-198] Port "ALUResult[5]" does not have an associated HD.PARTPIN_LOCS, which will prevent the partial routing of the signal "ALUResult[5]". Without this partial route, timing analysis to/from this port will not be accurate, and no routing information for this port can be exported.
WARNING: [Route 35-198] Port "ReadData[2]" does not have an associated HD.PARTPIN_LOCS, which will prevent the partial routing of the signal "ReadData[2]". Without this partial route, timing analysis to/from this port will not be accurate, and no routing information for this port can be exported.
WARNING: [Route 35-198] Port "ALUResult[2]" does not have an associated HD.PARTPIN_LOCS, which will prevent the partial routing of the signal "ALUResult[2]". Without this partial route, timing analysis to/from this port will not be accurate, and no routing information for this port can be exported.
WARNING: [Route 35-198] Port "ReadData[30]" does not have an associated HD.PARTPIN_LOCS, which will prevent the partial routing of the signal "ReadData[30]". Without this partial route, timing analysis to/from this port will not be accurate, and no routing information for this port can be exported.
WARNING: [Route 35-198] Port "ALUResult[30]" does not have an associated HD.PARTPIN_LOCS, which will prevent the partial routing of the signal "ALUResult[30]". Without this partial route, timing analysis to/from this port will not be accurate, and no routing information for this port can be exported.
WARNING: [Route 35-198] Port "ReadData[31]" does not have an associated HD.PARTPIN_LOCS, which will prevent the partial routing of the signal "ReadData[31]". Without this partial route, timing analysis to/from this port will not be accurate, and no routing information for this port can be exported.
WARNING: [Route 35-198] Port "ALUResult[31]" does not have an associated HD.PARTPIN_LOCS, which will prevent the partial routing of the signal "ALUResult[31]". Without this partial route, timing analysis to/from this port will not be accurate, and no routing information for this port can be exported.
WARNING: [Route 35-198] Port "ReadData[6]" does not have an associated HD.PARTPIN_LOCS, which will prevent the partial routing of the signal "ReadData[6]". Without this partial route, timing analysis to/from this port will not be accurate, and no routing information for this port can be exported.
WARNING: [Route 35-198] Port "ALUResult[6]" does not have an associated HD.PARTPIN_LOCS, which will prevent the partial routing of the signal "ALUResult[6]". Without this partial route, timing analysis to/from this port will not be accurate, and no routing information for this port can be exported.
WARNING: [Route 35-198] Port "ReadData[14]" does not have an associated HD.PARTPIN_LOCS, which will prevent the partial routing of the signal "ReadData[14]". Without this partial route, timing analysis to/from this port will not be accurate, and no routing information for this port can be exported.
WARNING: [Route 35-198] Port "ALUResult[14]" does not have an associated HD.PARTPIN_LOCS, which will prevent the partial routing of the signal "ALUResult[14]". Without this partial route, timing analysis to/from this port will not be accurate, and no routing information for this port can be exported.
WARNING: [Route 35-198] Port "ReadData[20]" does not have an associated HD.PARTPIN_LOCS, which will prevent the partial routing of the signal "ReadData[20]". Without this partial route, timing analysis to/from this port will not be accurate, and no routing information for this port can be exported.
WARNING: [Route 35-198] Port "ALUResult[20]" does not have an associated HD.PARTPIN_LOCS, which will prevent the partial routing of the signal "ALUResult[20]". Without this partial route, timing analysis to/from this port will not be accurate, and no routing information for this port can be exported.
WARNING: [Route 35-198] Port "ReadData[21]" does not have an associated HD.PARTPIN_LOCS, which will prevent the partial routing of the signal "ReadData[21]". Without this partial route, timing analysis to/from this port will not be accurate, and no routing information for this port can be exported.
WARNING: [Route 35-198] Port "ALUResult[21]" does not have an associated HD.PARTPIN_LOCS, which will prevent the partial routing of the signal "ALUResult[21]". Without this partial route, timing analysis to/from this port will not be accurate, and no routing information for this port can be exported.
WARNING: [Route 35-198] Port "ReadData[23]" does not have an associated HD.PARTPIN_LOCS, which will prevent the partial routing of the signal "ReadData[23]". Without this partial route, timing analysis to/from this port will not be accurate, and no routing information for this port can be exported.
WARNING: [Route 35-198] Port "ALUResult[23]" does not have an associated HD.PARTPIN_LOCS, which will prevent the partial routing of the signal "ALUResult[23]". Without this partial route, timing analysis to/from this port will not be accurate, and no routing information for this port can be exported.
WARNING: [Route 35-198] Port "ReadData[26]" does not have an associated HD.PARTPIN_LOCS, which will prevent the partial routing of the signal "ReadData[26]". Without this partial route, timing analysis to/from this port will not be accurate, and no routing information for this port can be exported.
WARNING: [Route 35-198] Port "ALUResult[26]" does not have an associated HD.PARTPIN_LOCS, which will prevent the partial routing of the signal "ALUResult[26]". Without this partial route, timing analysis to/from this port will not be accurate, and no routing information for this port can be exported.
WARNING: [Route 35-198] Port "ReadData[27]" does not have an associated HD.PARTPIN_LOCS, which will prevent the partial routing of the signal "ReadData[27]". Without this partial route, timing analysis to/from this port will not be accurate, and no routing information for this port can be exported.
WARNING: [Route 35-198] Port "ALUResult[27]" does not have an associated HD.PARTPIN_LOCS, which will prevent the partial routing of the signal "ALUResult[27]". Without this partial route, timing analysis to/from this port will not be accurate, and no routing information for this port can be exported.
WARNING: [Route 35-198] Port "ReadData[28]" does not have an associated HD.PARTPIN_LOCS, which will prevent the partial routing of the signal "ReadData[28]". Without this partial route, timing analysis to/from this port will not be accurate, and no routing information for this port can be exported.
WARNING: [Route 35-198] Port "ALUResult[28]" does not have an associated HD.PARTPIN_LOCS, which will prevent the partial routing of the signal "ALUResult[28]". Without this partial route, timing analysis to/from this port will not be accurate, and no routing information for this port can be exported.
WARNING: [Route 35-198] Port "ReadData[7]" does not have an associated HD.PARTPIN_LOCS, which will prevent the partial routing of the signal "ReadData[7]". Without this partial route, timing analysis to/from this port will not be accurate, and no routing information for this port can be exported.
WARNING: [Route 35-198] Port "ALUResult[7]" does not have an associated HD.PARTPIN_LOCS, which will prevent the partial routing of the signal "ALUResult[7]". Without this partial route, timing analysis to/from this port will not be accurate, and no routing information for this port can be exported.
WARNING: [Route 35-198] Port "ReadData[8]" does not have an associated HD.PARTPIN_LOCS, which will prevent the partial routing of the signal "ReadData[8]". Without this partial route, timing analysis to/from this port will not be accurate, and no routing information for this port can be exported.
WARNING: [Route 35-198] Port "ALUResult[8]" does not have an associated HD.PARTPIN_LOCS, which will prevent the partial routing of the signal "ALUResult[8]". Without this partial route, timing analysis to/from this port will not be accurate, and no routing information for this port can be exported.
WARNING: [Route 35-198] Port "ReadData[9]" does not have an associated HD.PARTPIN_LOCS, which will prevent the partial routing of the signal "ReadData[9]". Without this partial route, timing analysis to/from this port will not be accurate, and no routing information for this port can be exported.
WARNING: [Route 35-198] Port "ALUResult[9]" does not have an associated HD.PARTPIN_LOCS, which will prevent the partial routing of the signal "ALUResult[9]". Without this partial route, timing analysis to/from this port will not be accurate, and no routing information for this port can be exported.
WARNING: [Route 35-198] Port "ReadData[22]" does not have an associated HD.PARTPIN_LOCS, which will prevent the partial routing of the signal "ReadData[22]". Without this partial route, timing analysis to/from this port will not be accurate, and no routing information for this port can be exported.
WARNING: [Route 35-198] Port "ALUResult[22]" does not have an associated HD.PARTPIN_LOCS, which will prevent the partial routing of the signal "ALUResult[22]". Without this partial route, timing analysis to/from this port will not be accurate, and no routing information for this port can be exported.
WARNING: [Route 35-198] Port "ReadData[24]" does not have an associated HD.PARTPIN_LOCS, which will prevent the partial routing of the signal "ReadData[24]". Without this partial route, timing analysis to/from this port will not be accurate, and no routing information for this port can be exported.
WARNING: [Route 35-198] Port "ALUResult[24]" does not have an associated HD.PARTPIN_LOCS, which will prevent the partial routing of the signal "ALUResult[24]". Without this partial route, timing analysis to/from this port will not be accurate, and no routing information for this port can be exported.
Phase 1 Build RT Design | Checksum: 1643acdb1

Time (s): cpu = 00:00:18 ; elapsed = 00:00:17 . Memory (MB): peak = 1464.648 ; gain = 90.129
Post Restoration Checksum: NetGraph: 93ec41ab NumContArr: d04e8c06 Constraints: 0 Timing: 0

Phase 2 Router Initialization
INFO: [Route 35-64] No timing constraints were detected. The router will operate in resource-optimization mode.

Phase 2.1 Fix Topology Constraints
Phase 2.1 Fix Topology Constraints | Checksum: 1643acdb1

Time (s): cpu = 00:00:18 ; elapsed = 00:00:17 . Memory (MB): peak = 1470.680 ; gain = 96.160

Phase 2.2 Pre Route Cleanup
Phase 2.2 Pre Route Cleanup | Checksum: 1643acdb1

Time (s): cpu = 00:00:18 ; elapsed = 00:00:17 . Memory (MB): peak = 1470.680 ; gain = 96.160

Phase 2.3 Route finalize

Router Utilization Summary
  Global Vertical Routing Utilization    = 0 %
  Global Horizontal Routing Utilization  = 0 %
  Routable Net Status*
  *Does not include unroutable nets such as driverless and loadless.
  Run report_route_status for detailed report.
  Number of Failed Nets               = 0
    (Failed Nets is the sum of unrouted and partially routed nets)
  Number of Unrouted Nets             = 0
  Number of Partially Routed Nets     = 0
  Number of Node Overlaps             = 0

Congestion Report
North Dir 1x1 Area, Max Cong = 0%, No Congested Regions.
South Dir 1x1 Area, Max Cong = 0%, No Congested Regions.
East Dir 1x1 Area, Max Cong = 0%, No Congested Regions.
West Dir 1x1 Area, Max Cong = 0%, No Congested Regions.

------------------------------
Reporting congestion hotspots
------------------------------
Direction: North
----------------
Congested clusters found at Level 0
Effective congestion level: 0 Aspect Ratio: 1 Sparse Ratio: 0
Direction: South
----------------
Congested clusters found at Level 0
Effective congestion level: 0 Aspect Ratio: 1 Sparse Ratio: 0
Direction: East
----------------
Congested clusters found at Level 0
Effective congestion level: 0 Aspect Ratio: 1 Sparse Ratio: 0
Direction: West
----------------
Congested clusters found at Level 0
Effective congestion level: 0 Aspect Ratio: 1 Sparse Ratio: 0

Phase 2.3 Route finalize | Checksum: 1643acdb1

Time (s): cpu = 00:00:18 ; elapsed = 00:00:18 . Memory (MB): peak = 1471.961 ; gain = 97.441

Phase 2.4 Verifying routed nets

 Verification completed successfully
Phase 2.4 Verifying routed nets | Checksum: 1643acdb1

Time (s): cpu = 00:00:18 ; elapsed = 00:00:18 . Memory (MB): peak = 1473.988 ; gain = 99.469

Phase 2.5 Depositing Routes
Phase 2.5 Depositing Routes | Checksum: 1643acdb1

Time (s): cpu = 00:00:18 ; elapsed = 00:00:18 . Memory (MB): peak = 1473.988 ; gain = 99.469
Phase 2 Router Initialization | Checksum: 1643acdb1

Time (s): cpu = 00:00:18 ; elapsed = 00:00:18 . Memory (MB): peak = 1473.988 ; gain = 99.469
INFO: [Route 35-16] Router Completed Successfully

Time (s): cpu = 00:00:18 ; elapsed = 00:00:18 . Memory (MB): peak = 1473.988 ; gain = 99.469

Routing Is Done.
INFO: [Common 17-83] Releasing license: Implementation
50 Infos, 68 Warnings, 0 Critical Warnings and 0 Errors encountered.
route_design completed successfully
route_design: Time (s): cpu = 00:00:19 ; elapsed = 00:00:18 . Memory (MB): peak = 1473.988 ; gain = 112.516
Netlist sorting complete. Time (s): cpu = 00:00:00 ; elapsed = 00:00:00 . Memory (MB): peak = 1473.988 ; gain = 0.000
WARNING: [Constraints 18-5210] No constraints selected for write.
Resolution: This message can indicate that there are no constraints for the design, or it can indicate that the used_in flags are set such that the constraints are ignored. This later case is used when running synth_design to not write synthesis constraints to the resulting checkpoint. Instead, project constraints are read when the synthesized design is opened.
Writing placer database...
Writing XDEF routing.
Writing XDEF routing logical nets.
Writing XDEF routing special nets.
Write XDEF Complete: Time (s): cpu = 00:00:00 ; elapsed = 00:00:00.029 . Memory (MB): peak = 1484.930 ; gain = 10.941
INFO: [Common 17-1381] The checkpoint 'C:/Users/Emilio/OneDrive/Documents/DSDII/Lab05/lab05/lab05.runs/impl_2/WritebackStage_routed.dcp' has been generated.
INFO: [runtcl-4] Executing : report_drc -file WritebackStage_drc_routed.rpt -pb WritebackStage_drc_routed.pb -rpx WritebackStage_drc_routed.rpx
Command: report_drc -file WritebackStage_drc_routed.rpt -pb WritebackStage_drc_routed.pb -rpx WritebackStage_drc_routed.rpx
INFO: [IP_Flow 19-1839] IP Catalog is up to date.
INFO: [DRC 23-27] Running DRC with 2 threads
INFO: [Coretcl 2-168] The results of DRC are in file C:/Users/Emilio/OneDrive/Documents/DSDII/Lab05/lab05/lab05.runs/impl_2/WritebackStage_drc_routed.rpt.
report_drc completed successfully
INFO: [runtcl-4] Executing : report_methodology -file WritebackStage_methodology_drc_routed.rpt -pb WritebackStage_methodology_drc_routed.pb -rpx WritebackStage_methodology_drc_routed.rpx
Command: report_methodology -file WritebackStage_methodology_drc_routed.rpt -pb WritebackStage_methodology_drc_routed.pb -rpx WritebackStage_methodology_drc_routed.rpx
INFO: [Timing 38-35] Done setting XDC timing constraints.
INFO: [DRC 23-133] Running Methodology with 2 threads
INFO: [Coretcl 2-1520] The results of Report Methodology are in file C:/Users/Emilio/OneDrive/Documents/DSDII/Lab05/lab05/lab05.runs/impl_2/WritebackStage_methodology_drc_routed.rpt.
report_methodology completed successfully
INFO: [runtcl-4] Executing : report_power -file WritebackStage_power_routed.rpt -pb WritebackStage_power_summary_routed.pb -rpx WritebackStage_power_routed.rpx
Command: report_power -file WritebackStage_power_routed.rpt -pb WritebackStage_power_summary_routed.pb -rpx WritebackStage_power_routed.rpx
INFO: [Timing 38-35] Done setting XDC timing constraints.
WARNING: [Power 33-232] No user defined clocks were found in the design! Power estimation will be inaccurate until this is corrected.
Resolution: Please specify clocks using create_clock/create_generated_clock for sequential elements. For pure combinatorial circuits, please specify a virtual clock, otherwise the vectorless estimation might be inaccurate
Running Vector-less Activity Propagation...

Finished Running Vector-less Activity Propagation
61 Infos, 70 Warnings, 0 Critical Warnings and 0 Errors encountered.
report_power completed successfully
INFO: [runtcl-4] Executing : report_route_status -file WritebackStage_route_status.rpt -pb WritebackStage_route_status.pb
INFO: [runtcl-4] Executing : report_timing_summary -max_paths 10 -file WritebackStage_timing_summary_routed.rpt -pb WritebackStage_timing_summary_routed.pb -rpx WritebackStage_timing_summary_routed.rpx -warn_on_violation 
INFO: [Timing 38-91] UpdateTimingParams: Speed grade: -1, Delay Type: min_max.
INFO: [Timing 38-191] Multithreading enabled for timing update using a maximum of 2 CPUs
WARNING: [Timing 38-313] There are no user specified timing constraints. Timing constraints are needed for proper timing analysis.
INFO: [runtcl-4] Executing : report_incremental_reuse -file WritebackStage_incremental_reuse_routed.rpt
INFO: [Vivado_Tcl 4-1062] Incremental flow is disabled. No incremental reuse Info to report.
INFO: [runtcl-4] Executing : report_clock_utilization -file WritebackStage_clock_utilization_routed.rpt
INFO: [runtcl-4] Executing : report_bus_skew -warn_on_violation -file WritebackStage_bus_skew_routed.rpt -pb WritebackStage_bus_skew_routed.pb -rpx WritebackStage_bus_skew_routed.rpx
INFO: [Timing 38-91] UpdateTimingParams: Speed grade: -1, Delay Type: min_max.
INFO: [Timing 38-191] Multithreading enabled for timing update using a maximum of 2 CPUs
INFO: [Common 17-206] Exiting Vivado at Sat Apr  6 17:39:55 2024...
