#-----------------------------------------------------------
# Vivado v2019.1 (64-bit)
# SW Build 2552052 on Fri May 24 14:49:42 MDT 2019
# IP Build 2548770 on Fri May 24 18:01:18 MDT 2019
# Start of session at: Fri Mar 29 15:01:54 2024
# Process ID: 22136
# Current directory: C:/Users/Emilio/OneDrive/Documents/DSDII/Lab04/Lab04
# Command line: vivado.exe -gui_launcher_event rodinguilauncherevent25320 C:\Users\Emilio\OneDrive\Documents\DSDII\Lab04\Lab04\Lab04.xpr
# Log file: C:/Users/Emilio/OneDrive/Documents/DSDII/Lab04/Lab04/vivado.log
# Journal file: C:/Users/Emilio/OneDrive/Documents/DSDII/Lab04/Lab04\vivado.jou
#-----------------------------------------------------------
start_gui
open_project C:/Users/Emilio/OneDrive/Documents/DSDII/Lab04/Lab04/Lab04.xpr
Scanning sources...
Finished scanning sources
INFO: [IP_Flow 19-234] Refreshing IP repositories
INFO: [IP_Flow 19-1704] No user IP repositories specified
INFO: [IP_Flow 19-2313] Loaded Vivado IP repository 'D:/docs/Vivado/2019.1/data/ip'.
open_project: Time (s): cpu = 00:00:06 ; elapsed = 00:00:05 . Memory (MB): peak = 789.836 ; gain = 106.293
update_compile_order -fileset sources_1
WARNING: [Common 17-9] Error reading message records.
