
*** Running vivado
    with args -log execute.vdi -applog -m64 -product Vivado -messageDb vivado.pb -mode batch -source execute.tcl -notrace


****** Vivado v2019.1 (64-bit)
  **** SW Build 2552052 on Fri May 24 14:49:42 MDT 2019
  **** IP Build 2548770 on Fri May 24 18:01:18 MDT 2019
    ** Copyright 1986-2019 Xilinx, Inc. All Rights Reserved.

source execute.tcl -notrace
Command: link_design -top execute -part xc7a35tcpg236-1 -mode out_of_context
Design is defaulting to srcset: sources_1
Design is defaulting to constrset: constrs_1
INFO: [Device 21-403] Loading part xc7a35tcpg236-1
INFO: [Project 1-479] Netlist was created with Vivado 2019.1
INFO: [Project 1-570] Preparing netlist for logic optimization
Parsing XDC File [C:/Users/Emilio/OneDrive/Documents/DSDII/Lab04/Lab04/Lab04.srcs/constrs_1/new/Constrns.xdc]
WARNING: [Vivado 12-584] No ports matched 'B[0]'. [C:/Users/Emilio/OneDrive/Documents/DSDII/Lab04/Lab04/Lab04.srcs/constrs_1/new/Constrns.xdc:2]
CRITICAL WARNING: [Common 17-55] 'set_property' expects at least one object. [C:/Users/Emilio/OneDrive/Documents/DSDII/Lab04/Lab04/Lab04.srcs/constrs_1/new/Constrns.xdc:2]
Resolution: If [get_<value>] was used to populate the object, check to make sure this command returns at least one valid object.
WARNING: [Vivado 12-584] No ports matched 'B[0]'. [C:/Users/Emilio/OneDrive/Documents/DSDII/Lab04/Lab04/Lab04.srcs/constrs_1/new/Constrns.xdc:3]
CRITICAL WARNING: [Common 17-55] 'set_property' expects at least one object. [C:/Users/Emilio/OneDrive/Documents/DSDII/Lab04/Lab04/Lab04.srcs/constrs_1/new/Constrns.xdc:3]
Resolution: If [get_<value>] was used to populate the object, check to make sure this command returns at least one valid object.
WARNING: [Vivado 12-584] No ports matched 'B[1]'. [C:/Users/Emilio/OneDrive/Documents/DSDII/Lab04/Lab04/Lab04.srcs/constrs_1/new/Constrns.xdc:4]
CRITICAL WARNING: [Common 17-55] 'set_property' expects at least one object. [C:/Users/Emilio/OneDrive/Documents/DSDII/Lab04/Lab04/Lab04.srcs/constrs_1/new/Constrns.xdc:4]
Resolution: If [get_<value>] was used to populate the object, check to make sure this command returns at least one valid object.
WARNING: [Vivado 12-584] No ports matched 'B[1]'. [C:/Users/Emilio/OneDrive/Documents/DSDII/Lab04/Lab04/Lab04.srcs/constrs_1/new/Constrns.xdc:5]
CRITICAL WARNING: [Common 17-55] 'set_property' expects at least one object. [C:/Users/Emilio/OneDrive/Documents/DSDII/Lab04/Lab04/Lab04.srcs/constrs_1/new/Constrns.xdc:5]
Resolution: If [get_<value>] was used to populate the object, check to make sure this command returns at least one valid object.
WARNING: [Vivado 12-584] No ports matched 'B[2]'. [C:/Users/Emilio/OneDrive/Documents/DSDII/Lab04/Lab04/Lab04.srcs/constrs_1/new/Constrns.xdc:6]
CRITICAL WARNING: [Common 17-55] 'set_property' expects at least one object. [C:/Users/Emilio/OneDrive/Documents/DSDII/Lab04/Lab04/Lab04.srcs/constrs_1/new/Constrns.xdc:6]
Resolution: If [get_<value>] was used to populate the object, check to make sure this command returns at least one valid object.
WARNING: [Vivado 12-584] No ports matched 'B[2]'. [C:/Users/Emilio/OneDrive/Documents/DSDII/Lab04/Lab04/Lab04.srcs/constrs_1/new/Constrns.xdc:7]
CRITICAL WARNING: [Common 17-55] 'set_property' expects at least one object. [C:/Users/Emilio/OneDrive/Documents/DSDII/Lab04/Lab04/Lab04.srcs/constrs_1/new/Constrns.xdc:7]
Resolution: If [get_<value>] was used to populate the object, check to make sure this command returns at least one valid object.
WARNING: [Vivado 12-584] No ports matched 'B[3]'. [C:/Users/Emilio/OneDrive/Documents/DSDII/Lab04/Lab04/Lab04.srcs/constrs_1/new/Constrns.xdc:8]
CRITICAL WARNING: [Common 17-55] 'set_property' expects at least one object. [C:/Users/Emilio/OneDrive/Documents/DSDII/Lab04/Lab04/Lab04.srcs/constrs_1/new/Constrns.xdc:8]
Resolution: If [get_<value>] was used to populate the object, check to make sure this command returns at least one valid object.
WARNING: [Vivado 12-584] No ports matched 'B[3]'. [C:/Users/Emilio/OneDrive/Documents/DSDII/Lab04/Lab04/Lab04.srcs/constrs_1/new/Constrns.xdc:9]
CRITICAL WARNING: [Common 17-55] 'set_property' expects at least one object. [C:/Users/Emilio/OneDrive/Documents/DSDII/Lab04/Lab04/Lab04.srcs/constrs_1/new/Constrns.xdc:9]
Resolution: If [get_<value>] was used to populate the object, check to make sure this command returns at least one valid object.
WARNING: [Vivado 12-584] No ports matched 'A[0]'. [C:/Users/Emilio/OneDrive/Documents/DSDII/Lab04/Lab04/Lab04.srcs/constrs_1/new/Constrns.xdc:10]
CRITICAL WARNING: [Common 17-55] 'set_property' expects at least one object. [C:/Users/Emilio/OneDrive/Documents/DSDII/Lab04/Lab04/Lab04.srcs/constrs_1/new/Constrns.xdc:10]
Resolution: If [get_<value>] was used to populate the object, check to make sure this command returns at least one valid object.
WARNING: [Vivado 12-584] No ports matched 'A[0]'. [C:/Users/Emilio/OneDrive/Documents/DSDII/Lab04/Lab04/Lab04.srcs/constrs_1/new/Constrns.xdc:11]
CRITICAL WARNING: [Common 17-55] 'set_property' expects at least one object. [C:/Users/Emilio/OneDrive/Documents/DSDII/Lab04/Lab04/Lab04.srcs/constrs_1/new/Constrns.xdc:11]
Resolution: If [get_<value>] was used to populate the object, check to make sure this command returns at least one valid object.
WARNING: [Vivado 12-584] No ports matched 'A[1]'. [C:/Users/Emilio/OneDrive/Documents/DSDII/Lab04/Lab04/Lab04.srcs/constrs_1/new/Constrns.xdc:12]
CRITICAL WARNING: [Common 17-55] 'set_property' expects at least one object. [C:/Users/Emilio/OneDrive/Documents/DSDII/Lab04/Lab04/Lab04.srcs/constrs_1/new/Constrns.xdc:12]
Resolution: If [get_<value>] was used to populate the object, check to make sure this command returns at least one valid object.
WARNING: [Vivado 12-584] No ports matched 'A[1]'. [C:/Users/Emilio/OneDrive/Documents/DSDII/Lab04/Lab04/Lab04.srcs/constrs_1/new/Constrns.xdc:13]
CRITICAL WARNING: [Common 17-55] 'set_property' expects at least one object. [C:/Users/Emilio/OneDrive/Documents/DSDII/Lab04/Lab04/Lab04.srcs/constrs_1/new/Constrns.xdc:13]
Resolution: If [get_<value>] was used to populate the object, check to make sure this command returns at least one valid object.
WARNING: [Vivado 12-584] No ports matched 'A[2]'. [C:/Users/Emilio/OneDrive/Documents/DSDII/Lab04/Lab04/Lab04.srcs/constrs_1/new/Constrns.xdc:14]
CRITICAL WARNING: [Common 17-55] 'set_property' expects at least one object. [C:/Users/Emilio/OneDrive/Documents/DSDII/Lab04/Lab04/Lab04.srcs/constrs_1/new/Constrns.xdc:14]
Resolution: If [get_<value>] was used to populate the object, check to make sure this command returns at least one valid object.
WARNING: [Vivado 12-584] No ports matched 'A[2]'. [C:/Users/Emilio/OneDrive/Documents/DSDII/Lab04/Lab04/Lab04.srcs/constrs_1/new/Constrns.xdc:15]
CRITICAL WARNING: [Common 17-55] 'set_property' expects at least one object. [C:/Users/Emilio/OneDrive/Documents/DSDII/Lab04/Lab04/Lab04.srcs/constrs_1/new/Constrns.xdc:15]
Resolution: If [get_<value>] was used to populate the object, check to make sure this command returns at least one valid object.
WARNING: [Vivado 12-584] No ports matched 'A[3]'. [C:/Users/Emilio/OneDrive/Documents/DSDII/Lab04/Lab04/Lab04.srcs/constrs_1/new/Constrns.xdc:16]
CRITICAL WARNING: [Common 17-55] 'set_property' expects at least one object. [C:/Users/Emilio/OneDrive/Documents/DSDII/Lab04/Lab04/Lab04.srcs/constrs_1/new/Constrns.xdc:16]
Resolution: If [get_<value>] was used to populate the object, check to make sure this command returns at least one valid object.
WARNING: [Vivado 12-584] No ports matched 'A[3]'. [C:/Users/Emilio/OneDrive/Documents/DSDII/Lab04/Lab04/Lab04.srcs/constrs_1/new/Constrns.xdc:17]
CRITICAL WARNING: [Common 17-55] 'set_property' expects at least one object. [C:/Users/Emilio/OneDrive/Documents/DSDII/Lab04/Lab04/Lab04.srcs/constrs_1/new/Constrns.xdc:17]
Resolution: If [get_<value>] was used to populate the object, check to make sure this command returns at least one valid object.
WARNING: [Vivado 12-584] No ports matched 'OP[0]'. [C:/Users/Emilio/OneDrive/Documents/DSDII/Lab04/Lab04/Lab04.srcs/constrs_1/new/Constrns.xdc:19]
CRITICAL WARNING: [Common 17-55] 'set_property' expects at least one object. [C:/Users/Emilio/OneDrive/Documents/DSDII/Lab04/Lab04/Lab04.srcs/constrs_1/new/Constrns.xdc:19]
Resolution: If [get_<value>] was used to populate the object, check to make sure this command returns at least one valid object.
WARNING: [Vivado 12-584] No ports matched 'OP[0]'. [C:/Users/Emilio/OneDrive/Documents/DSDII/Lab04/Lab04/Lab04.srcs/constrs_1/new/Constrns.xdc:20]
CRITICAL WARNING: [Common 17-55] 'set_property' expects at least one object. [C:/Users/Emilio/OneDrive/Documents/DSDII/Lab04/Lab04/Lab04.srcs/constrs_1/new/Constrns.xdc:20]
Resolution: If [get_<value>] was used to populate the object, check to make sure this command returns at least one valid object.
WARNING: [Vivado 12-584] No ports matched 'OP[1]'. [C:/Users/Emilio/OneDrive/Documents/DSDII/Lab04/Lab04/Lab04.srcs/constrs_1/new/Constrns.xdc:22]
CRITICAL WARNING: [Common 17-55] 'set_property' expects at least one object. [C:/Users/Emilio/OneDrive/Documents/DSDII/Lab04/Lab04/Lab04.srcs/constrs_1/new/Constrns.xdc:22]
Resolution: If [get_<value>] was used to populate the object, check to make sure this command returns at least one valid object.
WARNING: [Vivado 12-584] No ports matched 'OP[1]'. [C:/Users/Emilio/OneDrive/Documents/DSDII/Lab04/Lab04/Lab04.srcs/constrs_1/new/Constrns.xdc:23]
CRITICAL WARNING: [Common 17-55] 'set_property' expects at least one object. [C:/Users/Emilio/OneDrive/Documents/DSDII/Lab04/Lab04/Lab04.srcs/constrs_1/new/Constrns.xdc:23]
Resolution: If [get_<value>] was used to populate the object, check to make sure this command returns at least one valid object.
WARNING: [Vivado 12-584] No ports matched 'OP[2]'. [C:/Users/Emilio/OneDrive/Documents/DSDII/Lab04/Lab04/Lab04.srcs/constrs_1/new/Constrns.xdc:25]
CRITICAL WARNING: [Common 17-55] 'set_property' expects at least one object. [C:/Users/Emilio/OneDrive/Documents/DSDII/Lab04/Lab04/Lab04.srcs/constrs_1/new/Constrns.xdc:25]
Resolution: If [get_<value>] was used to populate the object, check to make sure this command returns at least one valid object.
WARNING: [Vivado 12-584] No ports matched 'OP[2]'. [C:/Users/Emilio/OneDrive/Documents/DSDII/Lab04/Lab04/Lab04.srcs/constrs_1/new/Constrns.xdc:26]
CRITICAL WARNING: [Common 17-55] 'set_property' expects at least one object. [C:/Users/Emilio/OneDrive/Documents/DSDII/Lab04/Lab04/Lab04.srcs/constrs_1/new/Constrns.xdc:26]
Resolution: If [get_<value>] was used to populate the object, check to make sure this command returns at least one valid object.
WARNING: [Vivado 12-584] No ports matched 'OP[3]'. [C:/Users/Emilio/OneDrive/Documents/DSDII/Lab04/Lab04/Lab04.srcs/constrs_1/new/Constrns.xdc:28]
CRITICAL WARNING: [Common 17-55] 'set_property' expects at least one object. [C:/Users/Emilio/OneDrive/Documents/DSDII/Lab04/Lab04/Lab04.srcs/constrs_1/new/Constrns.xdc:28]
Resolution: If [get_<value>] was used to populate the object, check to make sure this command returns at least one valid object.
WARNING: [Vivado 12-584] No ports matched 'OP[3]'. [C:/Users/Emilio/OneDrive/Documents/DSDII/Lab04/Lab04/Lab04.srcs/constrs_1/new/Constrns.xdc:29]
CRITICAL WARNING: [Common 17-55] 'set_property' expects at least one object. [C:/Users/Emilio/OneDrive/Documents/DSDII/Lab04/Lab04/Lab04.srcs/constrs_1/new/Constrns.xdc:29]
Resolution: If [get_<value>] was used to populate the object, check to make sure this command returns at least one valid object.
WARNING: [Vivado 12-584] No ports matched 'Y[0]'. [C:/Users/Emilio/OneDrive/Documents/DSDII/Lab04/Lab04/Lab04.srcs/constrs_1/new/Constrns.xdc:32]
CRITICAL WARNING: [Common 17-55] 'set_property' expects at least one object. [C:/Users/Emilio/OneDrive/Documents/DSDII/Lab04/Lab04/Lab04.srcs/constrs_1/new/Constrns.xdc:32]
Resolution: If [get_<value>] was used to populate the object, check to make sure this command returns at least one valid object.
WARNING: [Vivado 12-584] No ports matched 'Y[0]'. [C:/Users/Emilio/OneDrive/Documents/DSDII/Lab04/Lab04/Lab04.srcs/constrs_1/new/Constrns.xdc:33]
CRITICAL WARNING: [Common 17-55] 'set_property' expects at least one object. [C:/Users/Emilio/OneDrive/Documents/DSDII/Lab04/Lab04/Lab04.srcs/constrs_1/new/Constrns.xdc:33]
Resolution: If [get_<value>] was used to populate the object, check to make sure this command returns at least one valid object.
WARNING: [Vivado 12-584] No ports matched 'Y[1]'. [C:/Users/Emilio/OneDrive/Documents/DSDII/Lab04/Lab04/Lab04.srcs/constrs_1/new/Constrns.xdc:34]
CRITICAL WARNING: [Common 17-55] 'set_property' expects at least one object. [C:/Users/Emilio/OneDrive/Documents/DSDII/Lab04/Lab04/Lab04.srcs/constrs_1/new/Constrns.xdc:34]
Resolution: If [get_<value>] was used to populate the object, check to make sure this command returns at least one valid object.
WARNING: [Vivado 12-584] No ports matched 'Y[1]'. [C:/Users/Emilio/OneDrive/Documents/DSDII/Lab04/Lab04/Lab04.srcs/constrs_1/new/Constrns.xdc:35]
CRITICAL WARNING: [Common 17-55] 'set_property' expects at least one object. [C:/Users/Emilio/OneDrive/Documents/DSDII/Lab04/Lab04/Lab04.srcs/constrs_1/new/Constrns.xdc:35]
Resolution: If [get_<value>] was used to populate the object, check to make sure this command returns at least one valid object.
WARNING: [Vivado 12-584] No ports matched 'Y[2]'. [C:/Users/Emilio/OneDrive/Documents/DSDII/Lab04/Lab04/Lab04.srcs/constrs_1/new/Constrns.xdc:36]
CRITICAL WARNING: [Common 17-55] 'set_property' expects at least one object. [C:/Users/Emilio/OneDrive/Documents/DSDII/Lab04/Lab04/Lab04.srcs/constrs_1/new/Constrns.xdc:36]
Resolution: If [get_<value>] was used to populate the object, check to make sure this command returns at least one valid object.
WARNING: [Vivado 12-584] No ports matched 'Y[2]'. [C:/Users/Emilio/OneDrive/Documents/DSDII/Lab04/Lab04/Lab04.srcs/constrs_1/new/Constrns.xdc:37]
CRITICAL WARNING: [Common 17-55] 'set_property' expects at least one object. [C:/Users/Emilio/OneDrive/Documents/DSDII/Lab04/Lab04/Lab04.srcs/constrs_1/new/Constrns.xdc:37]
Resolution: If [get_<value>] was used to populate the object, check to make sure this command returns at least one valid object.
WARNING: [Vivado 12-584] No ports matched 'Y[3]'. [C:/Users/Emilio/OneDrive/Documents/DSDII/Lab04/Lab04/Lab04.srcs/constrs_1/new/Constrns.xdc:38]
CRITICAL WARNING: [Common 17-55] 'set_property' expects at least one object. [C:/Users/Emilio/OneDrive/Documents/DSDII/Lab04/Lab04/Lab04.srcs/constrs_1/new/Constrns.xdc:38]
Resolution: If [get_<value>] was used to populate the object, check to make sure this command returns at least one valid object.
WARNING: [Vivado 12-584] No ports matched 'Y[3]'. [C:/Users/Emilio/OneDrive/Documents/DSDII/Lab04/Lab04/Lab04.srcs/constrs_1/new/Constrns.xdc:39]
CRITICAL WARNING: [Common 17-55] 'set_property' expects at least one object. [C:/Users/Emilio/OneDrive/Documents/DSDII/Lab04/Lab04/Lab04.srcs/constrs_1/new/Constrns.xdc:39]
Resolution: If [get_<value>] was used to populate the object, check to make sure this command returns at least one valid object.
CRITICAL WARNING: [Designutils 20-970] Unrecognized or unsupported command 'set_property CFGBVS VCCO [current_design' found in constraint file. [C:/Users/Emilio/OneDrive/Documents/DSDII/Lab04/Lab04/Lab04.srcs/constrs_1/new/Constrns.xdc:42]
Finished Parsing XDC File [C:/Users/Emilio/OneDrive/Documents/DSDII/Lab04/Lab04/Lab04.srcs/constrs_1/new/Constrns.xdc]
INFO: [Opt 31-138] Pushed 0 inverter(s) to 0 load pin(s).
Netlist sorting complete. Time (s): cpu = 00:00:00 ; elapsed = 00:00:00.001 . Memory (MB): peak = 667.621 ; gain = 0.000
INFO: [Project 1-111] Unisim Transformation Summary:
No Unisim elements were transformed.

5 Infos, 32 Warnings, 33 Critical Warnings and 0 Errors encountered.
link_design completed successfully
link_design: Time (s): cpu = 00:00:05 ; elapsed = 00:00:06 . Memory (MB): peak = 671.637 ; gain = 370.531
Command: opt_design
Attempting to get a license for feature 'Implementation' and/or device 'xc7a35t'
INFO: [Common 17-349] Got license for feature 'Implementation' and/or device 'xc7a35t'
Running DRC as a precondition to command opt_design

Starting DRC Task
INFO: [DRC 23-27] Running DRC with 2 threads
INFO: [Project 1-461] DRC finished with 0 Errors
INFO: [Project 1-462] Please refer to the DRC report (report_drc) for more information.

Time (s): cpu = 00:00:00 ; elapsed = 00:00:00.700 . Memory (MB): peak = 691.602 ; gain = 19.965

Starting Cache Timing Information Task
INFO: [Timing 38-35] Done setting XDC timing constraints.
Ending Cache Timing Information Task | Checksum: d158d13a

Time (s): cpu = 00:00:08 ; elapsed = 00:00:09 . Memory (MB): peak = 1237.051 ; gain = 545.449

Starting Logic Optimization Task

Phase 1 Retarget
INFO: [Opt 31-138] Pushed 0 inverter(s) to 0 load pin(s).
INFO: [Opt 31-49] Retargeted 0 cell(s).
Phase 1 Retarget | Checksum: d158d13a

Time (s): cpu = 00:00:00 ; elapsed = 00:00:00.167 . Memory (MB): peak = 1385.137 ; gain = 0.000
INFO: [Opt 31-389] Phase Retarget created 0 cells and removed 0 cells

Phase 2 Constant propagation
INFO: [Opt 31-138] Pushed 0 inverter(s) to 0 load pin(s).
Phase 2 Constant propagation | Checksum: d158d13a

Time (s): cpu = 00:00:00 ; elapsed = 00:00:00.177 . Memory (MB): peak = 1385.137 ; gain = 0.000
INFO: [Opt 31-389] Phase Constant propagation created 0 cells and removed 0 cells

Phase 3 Sweep
Phase 3 Sweep | Checksum: d158d13a

Time (s): cpu = 00:00:00 ; elapsed = 00:00:00.234 . Memory (MB): peak = 1385.137 ; gain = 0.000
INFO: [Opt 31-389] Phase Sweep created 0 cells and removed 0 cells

Phase 4 BUFG optimization
Phase 4 BUFG optimization | Checksum: d158d13a

Time (s): cpu = 00:00:00 ; elapsed = 00:00:00.241 . Memory (MB): peak = 1385.137 ; gain = 0.000
INFO: [Opt 31-662] Phase BUFG optimization created 0 cells of which 0 are BUFGs and removed 0 cells.

Phase 5 Shift Register Optimization
INFO: [Opt 31-1064] SRL Remap converted 0 SRLs to 0 registers and converted 0 registers of register chains to 0 SRLs
Phase 5 Shift Register Optimization | Checksum: d158d13a

Time (s): cpu = 00:00:00 ; elapsed = 00:00:00.262 . Memory (MB): peak = 1385.137 ; gain = 0.000
INFO: [Opt 31-389] Phase Shift Register Optimization created 0 cells and removed 0 cells

Phase 6 Post Processing Netlist
Phase 6 Post Processing Netlist | Checksum: d158d13a

Time (s): cpu = 00:00:00 ; elapsed = 00:00:00.269 . Memory (MB): peak = 1385.137 ; gain = 0.000
INFO: [Opt 31-389] Phase Post Processing Netlist created 0 cells and removed 0 cells
Opt_design Change Summary
=========================


-------------------------------------------------------------------------------------------------------------------------
|  Phase                        |  #Cells created  |  #Cells Removed  |  #Constrained objects preventing optimizations  |
-------------------------------------------------------------------------------------------------------------------------
|  Retarget                     |               0  |               0  |                                              0  |
|  Constant propagation         |               0  |               0  |                                              0  |
|  Sweep                        |               0  |               0  |                                              0  |
|  BUFG optimization            |               0  |               0  |                                              0  |
|  Shift Register Optimization  |               0  |               0  |                                              0  |
|  Post Processing Netlist      |               0  |               0  |                                              0  |
-------------------------------------------------------------------------------------------------------------------------



Starting Connectivity Check Task

Time (s): cpu = 00:00:00 ; elapsed = 00:00:00.002 . Memory (MB): peak = 1385.137 ; gain = 0.000
Ending Logic Optimization Task | Checksum: d158d13a

Time (s): cpu = 00:00:00 ; elapsed = 00:00:00.274 . Memory (MB): peak = 1385.137 ; gain = 0.000

Starting Power Optimization Task
INFO: [Pwropt 34-132] Skipping clock gating for clocks with a period < 2.00 ns.
Ending Power Optimization Task | Checksum: d158d13a

Time (s): cpu = 00:00:00 ; elapsed = 00:00:00.051 . Memory (MB): peak = 1385.137 ; gain = 0.000

Starting Final Cleanup Task
Ending Final Cleanup Task | Checksum: d158d13a

Time (s): cpu = 00:00:00 ; elapsed = 00:00:00 . Memory (MB): peak = 1385.137 ; gain = 0.000

Starting Netlist Obfuscation Task
Netlist sorting complete. Time (s): cpu = 00:00:00 ; elapsed = 00:00:00 . Memory (MB): peak = 1385.137 ; gain = 0.000
Ending Netlist Obfuscation Task | Checksum: d158d13a

Time (s): cpu = 00:00:00 ; elapsed = 00:00:00 . Memory (MB): peak = 1385.137 ; gain = 0.000
INFO: [Common 17-83] Releasing license: Implementation
22 Infos, 32 Warnings, 33 Critical Warnings and 0 Errors encountered.
opt_design completed successfully
opt_design: Time (s): cpu = 00:00:09 ; elapsed = 00:00:12 . Memory (MB): peak = 1385.137 ; gain = 713.500
Netlist sorting complete. Time (s): cpu = 00:00:00 ; elapsed = 00:00:00 . Memory (MB): peak = 1385.137 ; gain = 0.000
INFO: [Timing 38-35] Done setting XDC timing constraints.
INFO: [Timing 38-480] Writing timing data to binary archive.
INFO: [Common 17-1381] The checkpoint 'C:/Users/Emilio/OneDrive/Documents/DSDII/Lab04/Lab04/Lab04.runs/impl_2/execute_opt.dcp' has been generated.
INFO: [runtcl-4] Executing : report_drc -file execute_drc_opted.rpt -pb execute_drc_opted.pb -rpx execute_drc_opted.rpx
Command: report_drc -file execute_drc_opted.rpt -pb execute_drc_opted.pb -rpx execute_drc_opted.rpx
INFO: [IP_Flow 19-234] Refreshing IP repositories
INFO: [IP_Flow 19-1704] No user IP repositories specified
INFO: [IP_Flow 19-2313] Loaded Vivado IP repository 'D:/docs/Vivado/2019.1/data/ip'.
INFO: [DRC 23-27] Running DRC with 2 threads
INFO: [Coretcl 2-168] The results of DRC are in file C:/Users/Emilio/OneDrive/Documents/DSDII/Lab04/Lab04/Lab04.runs/impl_2/execute_drc_opted.rpt.
report_drc completed successfully
Command: place_design
Attempting to get a license for feature 'Implementation' and/or device 'xc7a35t'
INFO: [Common 17-349] Got license for feature 'Implementation' and/or device 'xc7a35t'
INFO: [DRC 23-27] Running DRC with 2 threads
INFO: [Vivado_Tcl 4-198] DRC finished with 0 Errors
INFO: [Vivado_Tcl 4-199] Please refer to the DRC report (report_drc) for more information.
Running DRC as a precondition to command place_design
INFO: [DRC 23-27] Running DRC with 2 threads
INFO: [Vivado_Tcl 4-198] DRC finished with 0 Errors
INFO: [Vivado_Tcl 4-199] Please refer to the DRC report (report_drc) for more information.

Starting Placer Task
INFO: [Place 30-611] Multithreading enabled for place_design using a maximum of 2 CPUs

Phase 1 Placer Initialization

Phase 1.1 Placer Initialization Netlist Sorting
Netlist sorting complete. Time (s): cpu = 00:00:00 ; elapsed = 00:00:00.001 . Memory (MB): peak = 1385.137 ; gain = 0.000
Phase 1.1 Placer Initialization Netlist Sorting | Checksum: 33630aff

Time (s): cpu = 00:00:00 ; elapsed = 00:00:00.046 . Memory (MB): peak = 1385.137 ; gain = 0.000
Netlist sorting complete. Time (s): cpu = 00:00:00 ; elapsed = 00:00:00 . Memory (MB): peak = 1385.137 ; gain = 0.000

Phase 1.2 IO Placement/ Clock Placement/ Build Placer Device
Phase 1.2 IO Placement/ Clock Placement/ Build Placer Device | Checksum: 33630aff

Time (s): cpu = 00:00:01 ; elapsed = 00:00:00.679 . Memory (MB): peak = 1385.137 ; gain = 0.000

Phase 1.3 Build Placer Netlist Model
Phase 1.3 Build Placer Netlist Model | Checksum: b21534d1

Time (s): cpu = 00:00:01 ; elapsed = 00:00:00.779 . Memory (MB): peak = 1385.137 ; gain = 0.000

Phase 1.4 Constrain Clocks/Macros
Phase 1.4 Constrain Clocks/Macros | Checksum: b21534d1

Time (s): cpu = 00:00:01 ; elapsed = 00:00:00.782 . Memory (MB): peak = 1385.137 ; gain = 0.000
Phase 1 Placer Initialization | Checksum: b21534d1

Time (s): cpu = 00:00:01 ; elapsed = 00:00:00.805 . Memory (MB): peak = 1385.137 ; gain = 0.000

Phase 2 Global Placement

Phase 2.1 Floorplanning
Phase 2.1 Floorplanning | Checksum: b21534d1

Time (s): cpu = 00:00:01 ; elapsed = 00:00:00.835 . Memory (MB): peak = 1385.137 ; gain = 0.000

Phase 2.2 Global Placement Core
WARNING: [Place 46-29] place_design is not in timing mode. Skip physical synthesis in placer
Phase 2.2 Global Placement Core | Checksum: a9b01a6b

Time (s): cpu = 00:00:02 ; elapsed = 00:00:02 . Memory (MB): peak = 1385.137 ; gain = 0.000
Phase 2 Global Placement | Checksum: a9b01a6b

Time (s): cpu = 00:00:02 ; elapsed = 00:00:02 . Memory (MB): peak = 1385.137 ; gain = 0.000

Phase 3 Detail Placement

Phase 3.1 Commit Multi Column Macros
Phase 3.1 Commit Multi Column Macros | Checksum: a9b01a6b

Time (s): cpu = 00:00:02 ; elapsed = 00:00:02 . Memory (MB): peak = 1385.137 ; gain = 0.000

Phase 3.2 Commit Most Macros & LUTRAMs
Phase 3.2 Commit Most Macros & LUTRAMs | Checksum: 3aaaa51e

Time (s): cpu = 00:00:02 ; elapsed = 00:00:02 . Memory (MB): peak = 1385.137 ; gain = 0.000

Phase 3.3 Area Swap Optimization
Phase 3.3 Area Swap Optimization | Checksum: c45cf50e

Time (s): cpu = 00:00:02 ; elapsed = 00:00:02 . Memory (MB): peak = 1385.137 ; gain = 0.000

Phase 3.4 Pipeline Register Optimization
Phase 3.4 Pipeline Register Optimization | Checksum: c45cf50e

Time (s): cpu = 00:00:02 ; elapsed = 00:00:02 . Memory (MB): peak = 1385.137 ; gain = 0.000

Phase 3.5 Small Shape Detail Placement
Phase 3.5 Small Shape Detail Placement | Checksum: dcc92541

Time (s): cpu = 00:00:02 ; elapsed = 00:00:02 . Memory (MB): peak = 1385.137 ; gain = 0.000

Phase 3.6 Re-assign LUT pins
Phase 3.6 Re-assign LUT pins | Checksum: dcc92541

Time (s): cpu = 00:00:02 ; elapsed = 00:00:02 . Memory (MB): peak = 1385.137 ; gain = 0.000

Phase 3.7 Pipeline Register Optimization
Phase 3.7 Pipeline Register Optimization | Checksum: dcc92541

Time (s): cpu = 00:00:02 ; elapsed = 00:00:02 . Memory (MB): peak = 1385.137 ; gain = 0.000
Phase 3 Detail Placement | Checksum: dcc92541

Time (s): cpu = 00:00:02 ; elapsed = 00:00:02 . Memory (MB): peak = 1385.137 ; gain = 0.000

Phase 4 Post Placement Optimization and Clean-Up

Phase 4.1 Post Commit Optimization
Phase 4.1 Post Commit Optimization | Checksum: dcc92541

Time (s): cpu = 00:00:02 ; elapsed = 00:00:02 . Memory (MB): peak = 1385.137 ; gain = 0.000

Phase 4.2 Post Placement Cleanup
Phase 4.2 Post Placement Cleanup | Checksum: dcc92541

Time (s): cpu = 00:00:02 ; elapsed = 00:00:02 . Memory (MB): peak = 1385.137 ; gain = 0.000

Phase 4.3 Placer Reporting
Phase 4.3 Placer Reporting | Checksum: dcc92541

Time (s): cpu = 00:00:02 ; elapsed = 00:00:02 . Memory (MB): peak = 1385.137 ; gain = 0.000

Phase 4.4 Final Placement Cleanup
Netlist sorting complete. Time (s): cpu = 00:00:00 ; elapsed = 00:00:00.001 . Memory (MB): peak = 1385.137 ; gain = 0.000
Phase 4.4 Final Placement Cleanup | Checksum: dcc92541

Time (s): cpu = 00:00:02 ; elapsed = 00:00:02 . Memory (MB): peak = 1385.137 ; gain = 0.000
Phase 4 Post Placement Optimization and Clean-Up | Checksum: dcc92541

Time (s): cpu = 00:00:02 ; elapsed = 00:00:02 . Memory (MB): peak = 1385.137 ; gain = 0.000
Ending Placer Task | Checksum: d31e32cc

Time (s): cpu = 00:00:02 ; elapsed = 00:00:02 . Memory (MB): peak = 1385.137 ; gain = 0.000
INFO: [Common 17-83] Releasing license: Implementation
40 Infos, 33 Warnings, 33 Critical Warnings and 0 Errors encountered.
place_design completed successfully
Netlist sorting complete. Time (s): cpu = 00:00:00 ; elapsed = 00:00:00 . Memory (MB): peak = 1385.137 ; gain = 0.000
INFO: [Timing 38-480] Writing timing data to binary archive.
Writing placer database...
Writing XDEF routing.
Writing XDEF routing logical nets.
Writing XDEF routing special nets.
Write XDEF Complete: Time (s): cpu = 00:00:00 ; elapsed = 00:00:00.141 . Memory (MB): peak = 1386.910 ; gain = 1.773
INFO: [Common 17-1381] The checkpoint 'C:/Users/Emilio/OneDrive/Documents/DSDII/Lab04/Lab04/Lab04.runs/impl_2/execute_placed.dcp' has been generated.
INFO: [runtcl-4] Executing : report_io -file execute_io_placed.rpt
report_io: Time (s): cpu = 00:00:00 ; elapsed = 00:00:00.059 . Memory (MB): peak = 1386.910 ; gain = 0.000
INFO: [runtcl-4] Executing : report_utilization -file execute_utilization_placed.rpt -pb execute_utilization_placed.pb
INFO: [runtcl-4] Executing : report_control_sets -verbose -file execute_control_sets_placed.rpt
report_control_sets: Time (s): cpu = 00:00:00 ; elapsed = 00:00:00.006 . Memory (MB): peak = 1386.910 ; gain = 0.000
Command: route_design
Attempting to get a license for feature 'Implementation' and/or device 'xc7a35t'
INFO: [Common 17-349] Got license for feature 'Implementation' and/or device 'xc7a35t'
Running DRC as a precondition to command route_design
INFO: [DRC 23-27] Running DRC with 2 threads
INFO: [Vivado_Tcl 4-198] DRC finished with 0 Errors
INFO: [Vivado_Tcl 4-199] Please refer to the DRC report (report_drc) for more information.


Starting Routing Task
INFO: [Route 35-254] Multithreading enabled for route_design using a maximum of 2 CPUs
Checksum: PlaceDB: 9fbb27cd ConstDB: 0 ShapeSum: 33630aff RouteDB: 0

Phase 1 Build RT Design
WARNING: [Route 35-198] Port "RegSrcA[13]" does not have an associated HD.PARTPIN_LOCS, which will prevent the partial routing of the signal "RegSrcA[13]". Without this partial route, timing analysis to/from this port will not be accurate, and no routing information for this port can be exported.
WARNING: [Route 35-198] Port "RegSrcA[14]" does not have an associated HD.PARTPIN_LOCS, which will prevent the partial routing of the signal "RegSrcA[14]". Without this partial route, timing analysis to/from this port will not be accurate, and no routing information for this port can be exported.
WARNING: [Route 35-198] Port "SignImm[12]" does not have an associated HD.PARTPIN_LOCS, which will prevent the partial routing of the signal "SignImm[12]". Without this partial route, timing analysis to/from this port will not be accurate, and no routing information for this port can be exported.
WARNING: [Route 35-198] Port "RegSrcB[12]" does not have an associated HD.PARTPIN_LOCS, which will prevent the partial routing of the signal "RegSrcB[12]". Without this partial route, timing analysis to/from this port will not be accurate, and no routing information for this port can be exported.
WARNING: [Route 35-198] Port "ALUSrc" does not have an associated HD.PARTPIN_LOCS, which will prevent the partial routing of the signal "ALUSrc". Without this partial route, timing analysis to/from this port will not be accurate, and no routing information for this port can be exported.
WARNING: [Route 35-198] Port "RegSrcA[10]" does not have an associated HD.PARTPIN_LOCS, which will prevent the partial routing of the signal "RegSrcA[10]". Without this partial route, timing analysis to/from this port will not be accurate, and no routing information for this port can be exported.
WARNING: [Route 35-198] Port "RegSrcA[11]" does not have an associated HD.PARTPIN_LOCS, which will prevent the partial routing of the signal "RegSrcA[11]". Without this partial route, timing analysis to/from this port will not be accurate, and no routing information for this port can be exported.
WARNING: [Route 35-198] Port "SignImm[13]" does not have an associated HD.PARTPIN_LOCS, which will prevent the partial routing of the signal "SignImm[13]". Without this partial route, timing analysis to/from this port will not be accurate, and no routing information for this port can be exported.
WARNING: [Route 35-198] Port "RegSrcB[13]" does not have an associated HD.PARTPIN_LOCS, which will prevent the partial routing of the signal "RegSrcB[13]". Without this partial route, timing analysis to/from this port will not be accurate, and no routing information for this port can be exported.
WARNING: [Route 35-198] Port "RegSrcA[12]" does not have an associated HD.PARTPIN_LOCS, which will prevent the partial routing of the signal "RegSrcA[12]". Without this partial route, timing analysis to/from this port will not be accurate, and no routing information for this port can be exported.
WARNING: [Route 35-198] Port "RegSrcA[9]" does not have an associated HD.PARTPIN_LOCS, which will prevent the partial routing of the signal "RegSrcA[9]". Without this partial route, timing analysis to/from this port will not be accurate, and no routing information for this port can be exported.
WARNING: [Route 35-198] Port "SignImm[14]" does not have an associated HD.PARTPIN_LOCS, which will prevent the partial routing of the signal "SignImm[14]". Without this partial route, timing analysis to/from this port will not be accurate, and no routing information for this port can be exported.
WARNING: [Route 35-198] Port "RegSrcB[14]" does not have an associated HD.PARTPIN_LOCS, which will prevent the partial routing of the signal "RegSrcB[14]". Without this partial route, timing analysis to/from this port will not be accurate, and no routing information for this port can be exported.
WARNING: [Route 35-198] Port "ALUControl[0]" does not have an associated HD.PARTPIN_LOCS, which will prevent the partial routing of the signal "ALUControl[0]". Without this partial route, timing analysis to/from this port will not be accurate, and no routing information for this port can be exported.
WARNING: [Route 35-198] Port "RegSrcA[16]" does not have an associated HD.PARTPIN_LOCS, which will prevent the partial routing of the signal "RegSrcA[16]". Without this partial route, timing analysis to/from this port will not be accurate, and no routing information for this port can be exported.
WARNING: [Route 35-198] Port "SignImm[16]" does not have an associated HD.PARTPIN_LOCS, which will prevent the partial routing of the signal "SignImm[16]". Without this partial route, timing analysis to/from this port will not be accurate, and no routing information for this port can be exported.
WARNING: [Route 35-198] Port "RegSrcB[16]" does not have an associated HD.PARTPIN_LOCS, which will prevent the partial routing of the signal "RegSrcB[16]". Without this partial route, timing analysis to/from this port will not be accurate, and no routing information for this port can be exported.
WARNING: [Route 35-198] Port "RegSrcA[17]" does not have an associated HD.PARTPIN_LOCS, which will prevent the partial routing of the signal "RegSrcA[17]". Without this partial route, timing analysis to/from this port will not be accurate, and no routing information for this port can be exported.
WARNING: [Route 35-198] Port "SignImm[17]" does not have an associated HD.PARTPIN_LOCS, which will prevent the partial routing of the signal "SignImm[17]". Without this partial route, timing analysis to/from this port will not be accurate, and no routing information for this port can be exported.
WARNING: [Route 35-198] Port "RegSrcB[17]" does not have an associated HD.PARTPIN_LOCS, which will prevent the partial routing of the signal "RegSrcB[17]". Without this partial route, timing analysis to/from this port will not be accurate, and no routing information for this port can be exported.
WARNING: [Route 35-198] Port "RegSrcA[8]" does not have an associated HD.PARTPIN_LOCS, which will prevent the partial routing of the signal "RegSrcA[8]". Without this partial route, timing analysis to/from this port will not be accurate, and no routing information for this port can be exported.
WARNING: [Route 35-198] Port "SignImm[15]" does not have an associated HD.PARTPIN_LOCS, which will prevent the partial routing of the signal "SignImm[15]". Without this partial route, timing analysis to/from this port will not be accurate, and no routing information for this port can be exported.
WARNING: [Route 35-198] Port "RegSrcB[15]" does not have an associated HD.PARTPIN_LOCS, which will prevent the partial routing of the signal "RegSrcB[15]". Without this partial route, timing analysis to/from this port will not be accurate, and no routing information for this port can be exported.
WARNING: [Route 35-198] Port "RegSrcA[23]" does not have an associated HD.PARTPIN_LOCS, which will prevent the partial routing of the signal "RegSrcA[23]". Without this partial route, timing analysis to/from this port will not be accurate, and no routing information for this port can be exported.
WARNING: [Route 35-198] Port "RegSrcB[23]" does not have an associated HD.PARTPIN_LOCS, which will prevent the partial routing of the signal "RegSrcB[23]". Without this partial route, timing analysis to/from this port will not be accurate, and no routing information for this port can be exported.
WARNING: [Route 35-198] Port "SignImm[23]" does not have an associated HD.PARTPIN_LOCS, which will prevent the partial routing of the signal "SignImm[23]". Without this partial route, timing analysis to/from this port will not be accurate, and no routing information for this port can be exported.
WARNING: [Route 35-198] Port "RegSrcA[24]" does not have an associated HD.PARTPIN_LOCS, which will prevent the partial routing of the signal "RegSrcA[24]". Without this partial route, timing analysis to/from this port will not be accurate, and no routing information for this port can be exported.
WARNING: [Route 35-198] Port "RegSrcB[24]" does not have an associated HD.PARTPIN_LOCS, which will prevent the partial routing of the signal "RegSrcB[24]". Without this partial route, timing analysis to/from this port will not be accurate, and no routing information for this port can be exported.
WARNING: [Route 35-198] Port "SignImm[24]" does not have an associated HD.PARTPIN_LOCS, which will prevent the partial routing of the signal "SignImm[24]". Without this partial route, timing analysis to/from this port will not be accurate, and no routing information for this port can be exported.
WARNING: [Route 35-198] Port "SignImm[26]" does not have an associated HD.PARTPIN_LOCS, which will prevent the partial routing of the signal "SignImm[26]". Without this partial route, timing analysis to/from this port will not be accurate, and no routing information for this port can be exported.
WARNING: [Route 35-198] Port "RegSrcB[26]" does not have an associated HD.PARTPIN_LOCS, which will prevent the partial routing of the signal "RegSrcB[26]". Without this partial route, timing analysis to/from this port will not be accurate, and no routing information for this port can be exported.
WARNING: [Route 35-198] Port "RegSrcA[27]" does not have an associated HD.PARTPIN_LOCS, which will prevent the partial routing of the signal "RegSrcA[27]". Without this partial route, timing analysis to/from this port will not be accurate, and no routing information for this port can be exported.
WARNING: [Route 35-198] Port "SignImm[27]" does not have an associated HD.PARTPIN_LOCS, which will prevent the partial routing of the signal "SignImm[27]". Without this partial route, timing analysis to/from this port will not be accurate, and no routing information for this port can be exported.
WARNING: [Route 35-198] Port "RegSrcB[27]" does not have an associated HD.PARTPIN_LOCS, which will prevent the partial routing of the signal "RegSrcB[27]". Without this partial route, timing analysis to/from this port will not be accurate, and no routing information for this port can be exported.
WARNING: [Route 35-198] Port "RegSrcA[15]" does not have an associated HD.PARTPIN_LOCS, which will prevent the partial routing of the signal "RegSrcA[15]". Without this partial route, timing analysis to/from this port will not be accurate, and no routing information for this port can be exported.
WARNING: [Route 35-198] Port "SignImm[11]" does not have an associated HD.PARTPIN_LOCS, which will prevent the partial routing of the signal "SignImm[11]". Without this partial route, timing analysis to/from this port will not be accurate, and no routing information for this port can be exported.
WARNING: [Route 35-198] Port "RegSrcB[11]" does not have an associated HD.PARTPIN_LOCS, which will prevent the partial routing of the signal "RegSrcB[11]". Without this partial route, timing analysis to/from this port will not be accurate, and no routing information for this port can be exported.
WARNING: [Route 35-198] Port "RegSrcA[1]" does not have an associated HD.PARTPIN_LOCS, which will prevent the partial routing of the signal "RegSrcA[1]". Without this partial route, timing analysis to/from this port will not be accurate, and no routing information for this port can be exported.
WARNING: [Route 35-198] Port "SignImm[3]" does not have an associated HD.PARTPIN_LOCS, which will prevent the partial routing of the signal "SignImm[3]". Without this partial route, timing analysis to/from this port will not be accurate, and no routing information for this port can be exported.
WARNING: [Route 35-198] Port "RegSrcB[3]" does not have an associated HD.PARTPIN_LOCS, which will prevent the partial routing of the signal "RegSrcB[3]". Without this partial route, timing analysis to/from this port will not be accurate, and no routing information for this port can be exported.
WARNING: [Route 35-198] Port "RegSrcA[0]" does not have an associated HD.PARTPIN_LOCS, which will prevent the partial routing of the signal "RegSrcA[0]". Without this partial route, timing analysis to/from this port will not be accurate, and no routing information for this port can be exported.
WARNING: [Route 35-198] Port "RegSrcA[2]" does not have an associated HD.PARTPIN_LOCS, which will prevent the partial routing of the signal "RegSrcA[2]". Without this partial route, timing analysis to/from this port will not be accurate, and no routing information for this port can be exported.
WARNING: [Route 35-198] Port "RegSrcA[3]" does not have an associated HD.PARTPIN_LOCS, which will prevent the partial routing of the signal "RegSrcA[3]". Without this partial route, timing analysis to/from this port will not be accurate, and no routing information for this port can be exported.
WARNING: [Route 35-198] Port "RegSrcB[4]" does not have an associated HD.PARTPIN_LOCS, which will prevent the partial routing of the signal "RegSrcB[4]". Without this partial route, timing analysis to/from this port will not be accurate, and no routing information for this port can be exported.
WARNING: [Route 35-198] Port "SignImm[4]" does not have an associated HD.PARTPIN_LOCS, which will prevent the partial routing of the signal "SignImm[4]". Without this partial route, timing analysis to/from this port will not be accurate, and no routing information for this port can be exported.
WARNING: [Route 35-198] Port "RegSrcB[5]" does not have an associated HD.PARTPIN_LOCS, which will prevent the partial routing of the signal "RegSrcB[5]". Without this partial route, timing analysis to/from this port will not be accurate, and no routing information for this port can be exported.
WARNING: [Route 35-198] Port "SignImm[5]" does not have an associated HD.PARTPIN_LOCS, which will prevent the partial routing of the signal "SignImm[5]". Without this partial route, timing analysis to/from this port will not be accurate, and no routing information for this port can be exported.
WARNING: [Route 35-198] Port "RegSrcA[6]" does not have an associated HD.PARTPIN_LOCS, which will prevent the partial routing of the signal "RegSrcA[6]". Without this partial route, timing analysis to/from this port will not be accurate, and no routing information for this port can be exported.
WARNING: [Route 35-198] Port "RegSrcA[7]" does not have an associated HD.PARTPIN_LOCS, which will prevent the partial routing of the signal "RegSrcA[7]". Without this partial route, timing analysis to/from this port will not be accurate, and no routing information for this port can be exported.
WARNING: [Route 35-198] Port "RegSrcA[31]" does not have an associated HD.PARTPIN_LOCS, which will prevent the partial routing of the signal "RegSrcA[31]". Without this partial route, timing analysis to/from this port will not be accurate, and no routing information for this port can be exported.
WARNING: [Route 35-198] Port "RegSrcA[18]" does not have an associated HD.PARTPIN_LOCS, which will prevent the partial routing of the signal "RegSrcA[18]". Without this partial route, timing analysis to/from this port will not be accurate, and no routing information for this port can be exported.
WARNING: [Route 35-198] Port "RegSrcA[5]" does not have an associated HD.PARTPIN_LOCS, which will prevent the partial routing of the signal "RegSrcA[5]". Without this partial route, timing analysis to/from this port will not be accurate, and no routing information for this port can be exported.
WARNING: [Route 35-198] Port "ALUControl[1]" does not have an associated HD.PARTPIN_LOCS, which will prevent the partial routing of the signal "ALUControl[1]". Without this partial route, timing analysis to/from this port will not be accurate, and no routing information for this port can be exported.
WARNING: [Route 35-198] Port "RegSrcA[4]" does not have an associated HD.PARTPIN_LOCS, which will prevent the partial routing of the signal "RegSrcA[4]". Without this partial route, timing analysis to/from this port will not be accurate, and no routing information for this port can be exported.
WARNING: [Route 35-198] Port "ALUControl[3]" does not have an associated HD.PARTPIN_LOCS, which will prevent the partial routing of the signal "ALUControl[3]". Without this partial route, timing analysis to/from this port will not be accurate, and no routing information for this port can be exported.
WARNING: [Route 35-198] Port "ALUControl[2]" does not have an associated HD.PARTPIN_LOCS, which will prevent the partial routing of the signal "ALUControl[2]". Without this partial route, timing analysis to/from this port will not be accurate, and no routing information for this port can be exported.
WARNING: [Route 35-198] Port "RegSrcB[0]" does not have an associated HD.PARTPIN_LOCS, which will prevent the partial routing of the signal "RegSrcB[0]". Without this partial route, timing analysis to/from this port will not be accurate, and no routing information for this port can be exported.
WARNING: [Route 35-198] Port "SignImm[0]" does not have an associated HD.PARTPIN_LOCS, which will prevent the partial routing of the signal "SignImm[0]". Without this partial route, timing analysis to/from this port will not be accurate, and no routing information for this port can be exported.
WARNING: [Route 35-198] Port "RegSrcB[1]" does not have an associated HD.PARTPIN_LOCS, which will prevent the partial routing of the signal "RegSrcB[1]". Without this partial route, timing analysis to/from this port will not be accurate, and no routing information for this port can be exported.
WARNING: [Route 35-198] Port "SignImm[1]" does not have an associated HD.PARTPIN_LOCS, which will prevent the partial routing of the signal "SignImm[1]". Without this partial route, timing analysis to/from this port will not be accurate, and no routing information for this port can be exported.
WARNING: [Route 35-198] Port "SignImm[7]" does not have an associated HD.PARTPIN_LOCS, which will prevent the partial routing of the signal "SignImm[7]". Without this partial route, timing analysis to/from this port will not be accurate, and no routing information for this port can be exported.
WARNING: [Route 35-198] Port "RegSrcB[7]" does not have an associated HD.PARTPIN_LOCS, which will prevent the partial routing of the signal "RegSrcB[7]". Without this partial route, timing analysis to/from this port will not be accurate, and no routing information for this port can be exported.
WARNING: [Route 35-198] Port "RegSrcA[30]" does not have an associated HD.PARTPIN_LOCS, which will prevent the partial routing of the signal "RegSrcA[30]". Without this partial route, timing analysis to/from this port will not be accurate, and no routing information for this port can be exported.
WARNING: [Route 35-198] Port "RegSrcA[20]" does not have an associated HD.PARTPIN_LOCS, which will prevent the partial routing of the signal "RegSrcA[20]". Without this partial route, timing analysis to/from this port will not be accurate, and no routing information for this port can be exported.
WARNING: [Route 35-198] Port "RegSrcA[21]" does not have an associated HD.PARTPIN_LOCS, which will prevent the partial routing of the signal "RegSrcA[21]". Without this partial route, timing analysis to/from this port will not be accurate, and no routing information for this port can be exported.
WARNING: [Route 35-198] Port "RegSrcA[19]" does not have an associated HD.PARTPIN_LOCS, which will prevent the partial routing of the signal "RegSrcA[19]". Without this partial route, timing analysis to/from this port will not be accurate, and no routing information for this port can be exported.
WARNING: [Route 35-198] Port "RegSrcA[29]" does not have an associated HD.PARTPIN_LOCS, which will prevent the partial routing of the signal "RegSrcA[29]". Without this partial route, timing analysis to/from this port will not be accurate, and no routing information for this port can be exported.
WARNING: [Route 35-198] Port "RegSrcA[22]" does not have an associated HD.PARTPIN_LOCS, which will prevent the partial routing of the signal "RegSrcA[22]". Without this partial route, timing analysis to/from this port will not be accurate, and no routing information for this port can be exported.
WARNING: [Route 35-198] Port "RegSrcA[25]" does not have an associated HD.PARTPIN_LOCS, which will prevent the partial routing of the signal "RegSrcA[25]". Without this partial route, timing analysis to/from this port will not be accurate, and no routing information for this port can be exported.
WARNING: [Route 35-198] Port "RegSrcA[28]" does not have an associated HD.PARTPIN_LOCS, which will prevent the partial routing of the signal "RegSrcA[28]". Without this partial route, timing analysis to/from this port will not be accurate, and no routing information for this port can be exported.
WARNING: [Route 35-198] Port "RegSrcA[26]" does not have an associated HD.PARTPIN_LOCS, which will prevent the partial routing of the signal "RegSrcA[26]". Without this partial route, timing analysis to/from this port will not be accurate, and no routing information for this port can be exported.
WARNING: [Route 35-198] Port "RegSrcB[2]" does not have an associated HD.PARTPIN_LOCS, which will prevent the partial routing of the signal "RegSrcB[2]". Without this partial route, timing analysis to/from this port will not be accurate, and no routing information for this port can be exported.
WARNING: [Route 35-198] Port "SignImm[2]" does not have an associated HD.PARTPIN_LOCS, which will prevent the partial routing of the signal "SignImm[2]". Without this partial route, timing analysis to/from this port will not be accurate, and no routing information for this port can be exported.
WARNING: [Route 35-198] Port "RegSrcB[6]" does not have an associated HD.PARTPIN_LOCS, which will prevent the partial routing of the signal "RegSrcB[6]". Without this partial route, timing analysis to/from this port will not be accurate, and no routing information for this port can be exported.
WARNING: [Route 35-198] Port "SignImm[6]" does not have an associated HD.PARTPIN_LOCS, which will prevent the partial routing of the signal "SignImm[6]". Without this partial route, timing analysis to/from this port will not be accurate, and no routing information for this port can be exported.
WARNING: [Route 35-198] Port "SignImm[10]" does not have an associated HD.PARTPIN_LOCS, which will prevent the partial routing of the signal "SignImm[10]". Without this partial route, timing analysis to/from this port will not be accurate, and no routing information for this port can be exported.
WARNING: [Route 35-198] Port "RegSrcB[10]" does not have an associated HD.PARTPIN_LOCS, which will prevent the partial routing of the signal "RegSrcB[10]". Without this partial route, timing analysis to/from this port will not be accurate, and no routing information for this port can be exported.
WARNING: [Route 35-198] Port "RegSrcB[19]" does not have an associated HD.PARTPIN_LOCS, which will prevent the partial routing of the signal "RegSrcB[19]". Without this partial route, timing analysis to/from this port will not be accurate, and no routing information for this port can be exported.
WARNING: [Route 35-198] Port "SignImm[19]" does not have an associated HD.PARTPIN_LOCS, which will prevent the partial routing of the signal "SignImm[19]". Without this partial route, timing analysis to/from this port will not be accurate, and no routing information for this port can be exported.
WARNING: [Route 35-198] Port "RegSrcB[28]" does not have an associated HD.PARTPIN_LOCS, which will prevent the partial routing of the signal "RegSrcB[28]". Without this partial route, timing analysis to/from this port will not be accurate, and no routing information for this port can be exported.
WARNING: [Route 35-198] Port "SignImm[28]" does not have an associated HD.PARTPIN_LOCS, which will prevent the partial routing of the signal "SignImm[28]". Without this partial route, timing analysis to/from this port will not be accurate, and no routing information for this port can be exported.
WARNING: [Route 35-198] Port "RegSrcB[25]" does not have an associated HD.PARTPIN_LOCS, which will prevent the partial routing of the signal "RegSrcB[25]". Without this partial route, timing analysis to/from this port will not be accurate, and no routing information for this port can be exported.
WARNING: [Route 35-198] Port "SignImm[25]" does not have an associated HD.PARTPIN_LOCS, which will prevent the partial routing of the signal "SignImm[25]". Without this partial route, timing analysis to/from this port will not be accurate, and no routing information for this port can be exported.
WARNING: [Route 35-198] Port "SignImm[29]" does not have an associated HD.PARTPIN_LOCS, which will prevent the partial routing of the signal "SignImm[29]". Without this partial route, timing analysis to/from this port will not be accurate, and no routing information for this port can be exported.
WARNING: [Route 35-198] Port "RegSrcB[29]" does not have an associated HD.PARTPIN_LOCS, which will prevent the partial routing of the signal "RegSrcB[29]". Without this partial route, timing analysis to/from this port will not be accurate, and no routing information for this port can be exported.
WARNING: [Route 35-198] Port "RegSrcB[18]" does not have an associated HD.PARTPIN_LOCS, which will prevent the partial routing of the signal "RegSrcB[18]". Without this partial route, timing analysis to/from this port will not be accurate, and no routing information for this port can be exported.
WARNING: [Route 35-198] Port "SignImm[18]" does not have an associated HD.PARTPIN_LOCS, which will prevent the partial routing of the signal "SignImm[18]". Without this partial route, timing analysis to/from this port will not be accurate, and no routing information for this port can be exported.
WARNING: [Route 35-198] Port "SignImm[20]" does not have an associated HD.PARTPIN_LOCS, which will prevent the partial routing of the signal "SignImm[20]". Without this partial route, timing analysis to/from this port will not be accurate, and no routing information for this port can be exported.
WARNING: [Route 35-198] Port "RegSrcB[20]" does not have an associated HD.PARTPIN_LOCS, which will prevent the partial routing of the signal "RegSrcB[20]". Without this partial route, timing analysis to/from this port will not be accurate, and no routing information for this port can be exported.
WARNING: [Route 35-198] Port "RegSrcB[30]" does not have an associated HD.PARTPIN_LOCS, which will prevent the partial routing of the signal "RegSrcB[30]". Without this partial route, timing analysis to/from this port will not be accurate, and no routing information for this port can be exported.
WARNING: [Route 35-198] Port "SignImm[30]" does not have an associated HD.PARTPIN_LOCS, which will prevent the partial routing of the signal "SignImm[30]". Without this partial route, timing analysis to/from this port will not be accurate, and no routing information for this port can be exported.
WARNING: [Route 35-198] Port "SignImm[21]" does not have an associated HD.PARTPIN_LOCS, which will prevent the partial routing of the signal "SignImm[21]". Without this partial route, timing analysis to/from this port will not be accurate, and no routing information for this port can be exported.
WARNING: [Route 35-198] Port "RegSrcB[21]" does not have an associated HD.PARTPIN_LOCS, which will prevent the partial routing of the signal "RegSrcB[21]". Without this partial route, timing analysis to/from this port will not be accurate, and no routing information for this port can be exported.
WARNING: [Route 35-198] Port "SignImm[9]" does not have an associated HD.PARTPIN_LOCS, which will prevent the partial routing of the signal "SignImm[9]". Without this partial route, timing analysis to/from this port will not be accurate, and no routing information for this port can be exported.
WARNING: [Route 35-198] Port "RegSrcB[9]" does not have an associated HD.PARTPIN_LOCS, which will prevent the partial routing of the signal "RegSrcB[9]". Without this partial route, timing analysis to/from this port will not be accurate, and no routing information for this port can be exported.
WARNING: [Route 35-198] Port "RdDest[1]" does not have an associated HD.PARTPIN_LOCS, which will prevent the partial routing of the signal "RdDest[1]". Without this partial route, timing analysis to/from this port will not be accurate, and no routing information for this port can be exported.
WARNING: [Route 35-198] Port "RtDest[1]" does not have an associated HD.PARTPIN_LOCS, which will prevent the partial routing of the signal "RtDest[1]". Without this partial route, timing analysis to/from this port will not be accurate, and no routing information for this port can be exported.
WARNING: [Route 35-198] Port "RegDst" does not have an associated HD.PARTPIN_LOCS, which will prevent the partial routing of the signal "RegDst". Without this partial route, timing analysis to/from this port will not be accurate, and no routing information for this port can be exported.
WARNING: [Route 35-198] Port "RdDest[0]" does not have an associated HD.PARTPIN_LOCS, which will prevent the partial routing of the signal "RdDest[0]". Without this partial route, timing analysis to/from this port will not be accurate, and no routing information for this port can be exported.
WARNING: [Route 35-198] Port "RtDest[0]" does not have an associated HD.PARTPIN_LOCS, which will prevent the partial routing of the signal "RtDest[0]". Without this partial route, timing analysis to/from this port will not be accurate, and no routing information for this port can be exported.
INFO: [Common 17-14] Message 'Route 35-198' appears 100 times and further instances of the messages will be disabled. Use the Tcl command set_msg_config to change the current settings.
Phase 1 Build RT Design | Checksum: 7be63705

Time (s): cpu = 00:00:19 ; elapsed = 00:00:18 . Memory (MB): peak = 1483.211 ; gain = 84.293
Post Restoration Checksum: NetGraph: 6f8b3f21 NumContArr: c5af7e4 Constraints: 0 Timing: 0

Phase 2 Router Initialization
INFO: [Route 35-64] No timing constraints were detected. The router will operate in resource-optimization mode.

Phase 2.1 Fix Topology Constraints
Phase 2.1 Fix Topology Constraints | Checksum: 7be63705

Time (s): cpu = 00:00:19 ; elapsed = 00:00:18 . Memory (MB): peak = 1489.258 ; gain = 90.340

Phase 2.2 Pre Route Cleanup
Phase 2.2 Pre Route Cleanup | Checksum: 7be63705

Time (s): cpu = 00:00:19 ; elapsed = 00:00:18 . Memory (MB): peak = 1489.258 ; gain = 90.340
 Number of Nodes with overlaps = 0
Phase 2 Router Initialization | Checksum: 1ceadf61a

Time (s): cpu = 00:00:19 ; elapsed = 00:00:18 . Memory (MB): peak = 1490.527 ; gain = 91.609

Router Utilization Summary
  Global Vertical Routing Utilization    = 0 %
  Global Horizontal Routing Utilization  = 0 %
  Routable Net Status*
  *Does not include unroutable nets such as driverless and loadless.
  Run report_route_status for detailed report.
  Number of Failed Nets               = 839
    (Failed Nets is the sum of unrouted and partially routed nets)
  Number of Unrouted Nets             = 839
  Number of Partially Routed Nets     = 0
  Number of Node Overlaps             = 0


Phase 3 Initial Routing
Phase 3 Initial Routing | Checksum: 57e070c9

Time (s): cpu = 00:00:19 ; elapsed = 00:00:18 . Memory (MB): peak = 1492.590 ; gain = 93.672

Phase 4 Rip-up And Reroute

Phase 4.1 Global Iteration 0
 Number of Nodes with overlaps = 179
 Number of Nodes with overlaps = 0
Phase 4.1 Global Iteration 0 | Checksum: 19fcfb92e

Time (s): cpu = 00:00:19 ; elapsed = 00:00:18 . Memory (MB): peak = 1492.590 ; gain = 93.672
Phase 4 Rip-up And Reroute | Checksum: 19fcfb92e

Time (s): cpu = 00:00:19 ; elapsed = 00:00:18 . Memory (MB): peak = 1492.590 ; gain = 93.672

Phase 5 Delay and Skew Optimization
Phase 5 Delay and Skew Optimization | Checksum: 19fcfb92e

Time (s): cpu = 00:00:19 ; elapsed = 00:00:18 . Memory (MB): peak = 1492.590 ; gain = 93.672

Phase 6 Post Hold Fix

Phase 6.1 Hold Fix Iter
Phase 6.1 Hold Fix Iter | Checksum: 19fcfb92e

Time (s): cpu = 00:00:19 ; elapsed = 00:00:18 . Memory (MB): peak = 1492.590 ; gain = 93.672
Phase 6 Post Hold Fix | Checksum: 19fcfb92e

Time (s): cpu = 00:00:19 ; elapsed = 00:00:18 . Memory (MB): peak = 1492.590 ; gain = 93.672

Phase 7 Route finalize

Router Utilization Summary
  Global Vertical Routing Utilization    = 0.13968 %
  Global Horizontal Routing Utilization  = 0.149531 %
  Routable Net Status*
  *Does not include unroutable nets such as driverless and loadless.
  Run report_route_status for detailed report.
  Number of Failed Nets               = 0
    (Failed Nets is the sum of unrouted and partially routed nets)
  Number of Unrouted Nets             = 0
  Number of Partially Routed Nets     = 0
  Number of Node Overlaps             = 0

Congestion Report
North Dir 1x1 Area, Max Cong = 16.2162%, No Congested Regions.
South Dir 1x1 Area, Max Cong = 19.8198%, No Congested Regions.
East Dir 1x1 Area, Max Cong = 14.7059%, No Congested Regions.
West Dir 1x1 Area, Max Cong = 30.8824%, No Congested Regions.

------------------------------
Reporting congestion hotspots
------------------------------
Direction: North
----------------
Congested clusters found at Level 0
Effective congestion level: 0 Aspect Ratio: 1 Sparse Ratio: 0
Direction: South
----------------
Congested clusters found at Level 0
Effective congestion level: 0 Aspect Ratio: 1 Sparse Ratio: 0
Direction: East
----------------
Congested clusters found at Level 0
Effective congestion level: 0 Aspect Ratio: 1 Sparse Ratio: 0
Direction: West
----------------
Congested clusters found at Level 0
Effective congestion level: 0 Aspect Ratio: 1 Sparse Ratio: 0

Phase 7 Route finalize | Checksum: 19fcfb92e

Time (s): cpu = 00:00:19 ; elapsed = 00:00:18 . Memory (MB): peak = 1492.590 ; gain = 93.672

Phase 8 Verifying routed nets

 Verification completed successfully
Phase 8 Verifying routed nets | Checksum: 19fcfb92e

Time (s): cpu = 00:00:19 ; elapsed = 00:00:18 . Memory (MB): peak = 1494.625 ; gain = 95.707

Phase 9 Depositing Routes
Phase 9 Depositing Routes | Checksum: 170c4edfb

Time (s): cpu = 00:00:20 ; elapsed = 00:00:19 . Memory (MB): peak = 1494.625 ; gain = 95.707
INFO: [Route 35-16] Router Completed Successfully

Time (s): cpu = 00:00:20 ; elapsed = 00:00:19 . Memory (MB): peak = 1494.625 ; gain = 95.707

Routing Is Done.
INFO: [Common 17-83] Releasing license: Implementation
54 Infos, 133 Warnings, 33 Critical Warnings and 0 Errors encountered.
route_design completed successfully
route_design: Time (s): cpu = 00:00:21 ; elapsed = 00:00:19 . Memory (MB): peak = 1494.625 ; gain = 107.715
Netlist sorting complete. Time (s): cpu = 00:00:00 ; elapsed = 00:00:00 . Memory (MB): peak = 1494.625 ; gain = 0.000
INFO: [Timing 38-480] Writing timing data to binary archive.
Writing placer database...
Writing XDEF routing.
Writing XDEF routing logical nets.
Writing XDEF routing special nets.
Write XDEF Complete: Time (s): cpu = 00:00:00 ; elapsed = 00:00:00.116 . Memory (MB): peak = 1504.516 ; gain = 9.891
INFO: [Common 17-1381] The checkpoint 'C:/Users/Emilio/OneDrive/Documents/DSDII/Lab04/Lab04/Lab04.runs/impl_2/execute_routed.dcp' has been generated.
INFO: [runtcl-4] Executing : report_drc -file execute_drc_routed.rpt -pb execute_drc_routed.pb -rpx execute_drc_routed.rpx
Command: report_drc -file execute_drc_routed.rpt -pb execute_drc_routed.pb -rpx execute_drc_routed.rpx
INFO: [IP_Flow 19-1839] IP Catalog is up to date.
INFO: [DRC 23-27] Running DRC with 2 threads
INFO: [Coretcl 2-168] The results of DRC are in file C:/Users/Emilio/OneDrive/Documents/DSDII/Lab04/Lab04/Lab04.runs/impl_2/execute_drc_routed.rpt.
report_drc completed successfully
INFO: [runtcl-4] Executing : report_methodology -file execute_methodology_drc_routed.rpt -pb execute_methodology_drc_routed.pb -rpx execute_methodology_drc_routed.rpx
Command: report_methodology -file execute_methodology_drc_routed.rpt -pb execute_methodology_drc_routed.pb -rpx execute_methodology_drc_routed.rpx
INFO: [Timing 38-35] Done setting XDC timing constraints.
INFO: [DRC 23-133] Running Methodology with 2 threads
INFO: [Coretcl 2-1520] The results of Report Methodology are in file C:/Users/Emilio/OneDrive/Documents/DSDII/Lab04/Lab04/Lab04.runs/impl_2/execute_methodology_drc_routed.rpt.
report_methodology completed successfully
INFO: [runtcl-4] Executing : report_power -file execute_power_routed.rpt -pb execute_power_summary_routed.pb -rpx execute_power_routed.rpx
Command: report_power -file execute_power_routed.rpt -pb execute_power_summary_routed.pb -rpx execute_power_routed.rpx
INFO: [Timing 38-35] Done setting XDC timing constraints.
WARNING: [Power 33-232] No user defined clocks were found in the design! Power estimation will be inaccurate until this is corrected.
Resolution: Please specify clocks using create_clock/create_generated_clock for sequential elements. For pure combinatorial circuits, please specify a virtual clock, otherwise the vectorless estimation might be inaccurate
Running Vector-less Activity Propagation...

Finished Running Vector-less Activity Propagation
66 Infos, 134 Warnings, 33 Critical Warnings and 0 Errors encountered.
report_power completed successfully
INFO: [runtcl-4] Executing : report_route_status -file execute_route_status.rpt -pb execute_route_status.pb
INFO: [runtcl-4] Executing : report_timing_summary -max_paths 10 -file execute_timing_summary_routed.rpt -pb execute_timing_summary_routed.pb -rpx execute_timing_summary_routed.rpx -warn_on_violation 
INFO: [Timing 38-91] UpdateTimingParams: Speed grade: -1, Delay Type: min_max.
INFO: [Timing 38-191] Multithreading enabled for timing update using a maximum of 2 CPUs
WARNING: [Timing 38-313] There are no user specified timing constraints. Timing constraints are needed for proper timing analysis.
INFO: [runtcl-4] Executing : report_incremental_reuse -file execute_incremental_reuse_routed.rpt
INFO: [Vivado_Tcl 4-1062] Incremental flow is disabled. No incremental reuse Info to report.
INFO: [runtcl-4] Executing : report_clock_utilization -file execute_clock_utilization_routed.rpt
INFO: [runtcl-4] Executing : report_bus_skew -warn_on_violation -file execute_bus_skew_routed.rpt -pb execute_bus_skew_routed.pb -rpx execute_bus_skew_routed.rpx
INFO: [Timing 38-91] UpdateTimingParams: Speed grade: -1, Delay Type: min_max.
INFO: [Timing 38-191] Multithreading enabled for timing update using a maximum of 2 CPUs
INFO: [Common 17-206] Exiting Vivado at Sat Mar 30 14:36:48 2024...
